2025-02-25 22:48:28,266 - INFO - Market Params | Tick: 0.01 | Lot: 0.01 | Min Notional: 10.0
2025-02-25 22:48:28,591 - INFO - ✅ Conexión Binance OK
2025-02-25 22:48:28,910 - INFO - Apalancamiento configurado a x10: {'symbol': 'BNBUSDT', 'leverage': 10, 'maxNotionalValue': '15000000'}
2025-02-25 22:48:29,732 - INFO - WebSocket iniciado
2025-02-25 22:48:30,098 - INFO - 🚀 Iniciando BNB Trading Bot
2025-02-25 22:48:31,743 - INFO - 🔎 Procesando señal BUY a 626.66
2025-02-25 22:48:32,068 - INFO - Tamaño posición calculado: 0.41
2025-02-25 22:48:33,151 - INFO - Trailing stop LONG: 622.85
2025-02-25 22:48:33,245 - INFO - Posición LONG abierta
2025-02-25 22:48:33,246 - INFO - Métricas: {'trades': 1, 'wins': 0, 'losses': 0, 'total_pnl': 0.0, 'win_rate': 0.0, 'max_drawdown': 0.0, 'current_drawdown': 0.0, 'peak_balance': 27.49944028}
2025-02-25 22:48:46,156 - INFO - Trailing stop LONG: 622.88
2025-02-25 22:48:48,157 - INFO - Trailing stop LONG: 622.89
2025-02-25 22:48:49,157 - INFO - Trailing stop LONG: 622.92
2025-02-25 22:48:52,156 - INFO - Trailing stop LONG: 622.99
2025-02-25 22:48:55,455 - INFO - Trailing stop LONG: 623.09
2025-02-25 22:48:58,459 - INFO - Trailing stop LONG: 623.24
2025-02-25 22:49:05,463 - INFO - Trailing stop LONG: 623.29
2025-02-25 22:49:33,917 - INFO - 🔎 Procesando señal BUY a 627.04
2025-02-25 22:49:33,919 - INFO - Métricas: {'trades': 1, 'wins': 0, 'losses': 0, 'total_pnl': 0.0, 'win_rate': 0.0, 'max_drawdown': 0.0, 'current_drawdown': 0.004671560536940572, 'peak_balance': 27.49944028}
2025-02-25 22:50:34,600 - INFO - 🔎 Procesando señal BUY a 626.97
2025-02-25 22:50:34,602 - INFO - Métricas: {'trades': 1, 'wins': 0, 'losses': 0, 'total_pnl': 0.0, 'win_rate': 0.0, 'max_drawdown': 0.0, 'current_drawdown': 0.004671560536940572, 'peak_balance': 27.49944028}
2025-02-25 22:50:55,408 - INFO - Trailing stop LONG: 623.31
2025-02-25 22:50:56,402 - INFO - Trailing stop LONG: 623.37
2025-02-25 22:50:57,401 - INFO - Trailing stop LONG: 623.38
2025-02-25 22:50:58,408 - INFO - Trailing stop LONG: 623.39
2025-02-25 22:50:59,406 - INFO - Posición ya cerrada, ignorando error.
2025-02-25 22:51:35,250 - INFO - 🔎 Procesando señal BUY a 627.35
2025-02-25 22:51:35,587 - INFO - Tamaño posición calculado: 0.41
2025-02-25 22:51:36,421 - INFO - Trailing stop LONG: 623.58
2025-02-25 22:51:36,785 - INFO - Posición LONG abierta
2025-02-25 22:51:36,786 - INFO - Métricas: {'trades': 2, 'wins': 1, 'losses': 0, 'total_pnl': np.float64(0.5904000000000224), 'win_rate': 0.5, 'max_drawdown': 0.0, 'current_drawdown': 0.0014450926853556653, 'peak_balance': 27.49944028}
2025-02-25 22:51:37,061 - ERROR - Error cerrar posición: APIError(code=-4003): Quantity less than or equal to zero.
2025-02-25 22:51:38,370 - ERROR - Error cerrar posición: APIError(code=-4003): Quantity less than or equal to zero.
2025-02-25 22:51:39,681 - ERROR - Error cerrar posición: APIError(code=-4003): Quantity less than or equal to zero.
2025-02-25 22:51:41,336 - ERROR - Error cerrar posición: APIError(code=-4003): Quantity less than or equal to zero.
2025-02-25 22:51:42,655 - ERROR - Error cerrar posición: APIError(code=-4003): Quantity less than or equal to zero.
2025-02-25 22:51:43,971 - ERROR - Error cerrar posición: APIError(code=-4003): Quantity less than or equal to zero.
2025-02-25 22:51:46,527 - INFO - Posición ya cerrada, ignorando error.
2025-02-25 22:52:37,450 - INFO - 🔎 Procesando señal BUY a 627.65
2025-02-25 22:52:37,777 - INFO - Tamaño posición calculado: 0.41
2025-02-25 22:52:38,444 - INFO - Trailing stop LONG: 623.88
2025-02-25 22:52:38,976 - INFO - Posición LONG abierta
2025-02-25 22:52:38,977 - INFO - Métricas: {'trades': 3, 'wins': 2, 'losses': 0, 'total_pnl': np.float64(0.9635000000000093), 'win_rate': 0.6666666666666666, 'max_drawdown': 0.0, 'current_drawdown': 0.009010171751757657, 'peak_balance': 27.49944028}
2025-02-25 22:52:39,440 - INFO - Posición ya cerrada, ignorando error.
2025-02-25 22:55:29,029 - INFO - Market Params | Tick: 0.01 | Lot: 0.01 | Min Notional: 10.0
2025-02-25 22:55:29,354 - INFO - ✅ Conexión Binance OK
2025-02-25 22:55:29,685 - INFO - Apalancamiento configurado a x10: {'symbol': 'BNBUSDT', 'leverage': 10, 'maxNotionalValue': '15000000'}
2025-02-25 22:55:30,491 - INFO - WebSocket iniciado
2025-02-25 22:55:30,843 - INFO - 🚀 Iniciando BNB Trading Bot
2025-02-25 22:55:32,441 - INFO - 🔎 Procesando señal BUY a 627.80
2025-02-25 22:55:32,768 - INFO - Tamaño posición: 0.4
2025-02-25 22:55:33,504 - INFO - Trailing stop LONG: 623.96
2025-02-25 22:55:33,828 - INFO - No hay posición abierta para BNBUSDT según Binance
2025-02-25 22:55:33,951 - INFO - Posición LONG abierta
2025-02-25 22:55:33,952 - INFO - Métricas: {'trades': 1, 'wins': 0, 'losses': 0, 'total_pnl': 0.0, 'win_rate': 0.0, 'max_drawdown': 0.0, 'current_drawdown': 0.0, 'peak_balance': 26.96015036}
2025-02-25 22:56:34,748 - INFO - 🔎 Procesando señal BUY a 627.44
2025-02-25 22:56:35,068 - INFO - Tamaño posición: 0.4
2025-02-25 22:56:35,384 - ERROR - Error orden BUY: APIError(code=-2019): Margin is insufficient.
2025-02-25 22:56:36,714 - ERROR - Error orden BUY: APIError(code=-2019): Margin is insufficient.
2025-02-25 22:56:38,040 - ERROR - Error orden BUY: APIError(code=-2019): Margin is insufficient.
2025-02-25 22:56:39,042 - INFO - Métricas: {'trades': 1, 'wins': 0, 'losses': 0, 'total_pnl': 0.0, 'win_rate': 0.0, 'max_drawdown': 0.0, 'current_drawdown': 0.0018628976222074766, 'peak_balance': 26.96015036}
2025-02-25 22:57:39,693 - INFO - 🔎 Procesando señal BUY a 627.33
2025-02-25 22:57:40,011 - INFO - Tamaño posición: 0.4
2025-02-25 22:57:40,328 - ERROR - Error orden BUY: APIError(code=-2019): Margin is insufficient.
2025-02-25 22:57:41,659 - ERROR - Error orden BUY: APIError(code=-2019): Margin is insufficient.
2025-02-25 22:57:42,978 - ERROR - Error orden BUY: APIError(code=-2019): Margin is insufficient.
2025-02-25 22:57:43,986 - INFO - Métricas: {'trades': 1, 'wins': 0, 'losses': 0, 'total_pnl': 0.0, 'win_rate': 0.0, 'max_drawdown': 0.0, 'current_drawdown': 0.0018628976222074766, 'peak_balance': 26.96015036}
2025-02-25 22:58:44,656 - INFO - 🔎 Procesando señal BUY a 627.19
2025-02-25 22:58:44,980 - INFO - Tamaño posición: 0.4
2025-02-25 22:58:45,304 - ERROR - Error orden BUY: APIError(code=-2019): Margin is insufficient.
2025-02-25 22:58:46,636 - ERROR - Error orden BUY: APIError(code=-2019): Margin is insufficient.
2025-02-25 22:58:47,961 - ERROR - Error orden BUY: APIError(code=-2019): Margin is insufficient.
2025-02-25 22:58:48,962 - INFO - Métricas: {'trades': 1, 'wins': 0, 'losses': 0, 'total_pnl': 0.0, 'win_rate': 0.0, 'max_drawdown': 0.0, 'current_drawdown': 0.0018628976222074766, 'peak_balance': 26.96015036}
2025-02-25 22:59:49,640 - INFO - 🔎 Procesando señal BUY a 626.96
2025-02-25 22:59:49,961 - INFO - Tamaño posición: 0.4
2025-02-25 22:59:50,285 - ERROR - Error orden BUY: APIError(code=-2019): Margin is insufficient.
2025-02-25 22:59:51,607 - ERROR - Error orden BUY: APIError(code=-2019): Margin is insufficient.
2025-02-25 22:59:52,935 - ERROR - Error orden BUY: APIError(code=-2019): Margin is insufficient.
2025-02-25 22:59:53,937 - INFO - Métricas: {'trades': 1, 'wins': 0, 'losses': 0, 'total_pnl': 0.0, 'win_rate': 0.0, 'max_drawdown': 0.0, 'current_drawdown': 0.0018628976222074766, 'peak_balance': 26.96015036}
2025-02-25 23:00:54,596 - INFO - 🔎 Procesando señal BUY a 626.93
2025-02-25 23:00:54,914 - INFO - Tamaño posición: 0.4
2025-02-25 23:00:55,235 - ERROR - Error orden BUY: APIError(code=-2019): Margin is insufficient.
2025-02-25 23:00:56,558 - ERROR - Error orden BUY: APIError(code=-2019): Margin is insufficient.
2025-02-25 23:00:57,883 - ERROR - Error orden BUY: APIError(code=-2019): Margin is insufficient.
2025-02-25 23:00:58,886 - INFO - Métricas: {'trades': 1, 'wins': 0, 'losses': 0, 'total_pnl': 0.0, 'win_rate': 0.0, 'max_drawdown': 0.0, 'current_drawdown': 0.0018628976222074766, 'peak_balance': 26.96015036}
2025-02-25 23:01:20,604 - INFO - Detención manual
2025-02-25 23:01:55,240 - INFO - Market Params | Tick: 0.01 | Lot: 0.01 | Min Notional: 10.0
2025-02-25 23:01:55,561 - INFO - ✅ Conexión Binance OK
2025-02-25 23:01:55,880 - INFO - Apalancamiento configurado a x10: {'symbol': 'BNBUSDT', 'leverage': 10, 'maxNotionalValue': '15000000'}
2025-02-25 23:01:56,687 - INFO - WebSocket iniciado
2025-02-25 23:01:57,032 - INFO - 🚀 Iniciando BNB Trading Bot
2025-02-25 23:01:58,505 - INFO - 🔎 Procesando señal BUY a 626.91
2025-02-25 23:01:58,505 - ERROR - Error bucle: 'EnhancedBNBTradingBot' object has no attribute 'get_current_position'
2025-02-25 23:02:29,176 - INFO - 🔎 Procesando señal BUY a 626.77
2025-02-25 23:02:29,177 - ERROR - Error bucle: 'EnhancedBNBTradingBot' object has no attribute 'get_current_position'
2025-02-25 23:02:59,842 - INFO - 🔎 Procesando señal BUY a 626.48
2025-02-25 23:02:59,844 - ERROR - Error bucle: 'EnhancedBNBTradingBot' object has no attribute 'get_current_position'
2025-02-25 23:03:30,689 - ERROR - Error bucle: Demasiados errores
2025-02-25 23:04:01,570 - ERROR - Error bucle: Demasiados errores
2025-02-25 23:05:19,888 - INFO - Market Params | Tick: 0.01 | Lot: 0.01 | Min Notional: 10.0
2025-02-25 23:05:20,203 - INFO - ✅ Conexión Binance OK
2025-02-25 23:05:20,516 - INFO - Apalancamiento configurado a x10: {'symbol': 'BNBUSDT', 'leverage': 10, 'maxNotionalValue': '15000000'}
2025-02-25 23:05:21,323 - INFO - WebSocket iniciado
2025-02-25 23:05:21,665 - INFO - 🚀 Iniciando BNB Trading Bot
2025-02-25 23:05:23,207 - INFO - 🔎 Procesando señal BUY a 627.11
2025-02-25 23:05:24,733 - INFO - Tamaño posición calculado: 0.39
2025-02-25 23:05:25,065 - INFO - Trailing stop LONG actualizado: 623.07
2025-02-25 23:05:25,893 - INFO - Posición LONG abierta
2025-02-25 23:05:25,894 - INFO - Métricas: {'trades': 1, 'wins': 0, 'losses': 0, 'total_pnl': 0.0, 'win_rate': 0.0, 'max_drawdown': 0.0, 'current_drawdown': 0.0, 'peak_balance': 26.21265236}
2025-02-25 23:06:26,547 - INFO - 🔎 Procesando señal BUY a 626.02
2025-02-25 23:06:26,857 - INFO - Señal BUY coincide con la posición actual (LONG), no se realiza acción
2025-02-25 23:06:26,858 - INFO - Métricas: {'trades': 1, 'wins': 0, 'losses': 0, 'total_pnl': 0.0, 'win_rate': 0.0, 'max_drawdown': 0.0, 'current_drawdown': 0.004664573745561992, 'peak_balance': 26.21265236}
2025-02-25 23:07:27,508 - INFO - 🔎 Procesando señal BUY a 625.78
2025-02-25 23:07:27,822 - INFO - Señal BUY coincide con la posición actual (LONG), no se realiza acción
2025-02-25 23:07:27,823 - INFO - Métricas: {'trades': 1, 'wins': 0, 'losses': 0, 'total_pnl': 0.0, 'win_rate': 0.0, 'max_drawdown': 0.0, 'current_drawdown': 0.004664573745561992, 'peak_balance': 26.21265236}
2025-02-25 23:08:28,751 - INFO - 🔎 Procesando señal BUY a 624.98
2025-02-25 23:08:29,065 - INFO - Señal BUY coincide con la posición actual (LONG), no se realiza acción
2025-02-25 23:08:29,066 - INFO - Métricas: {'trades': 1, 'wins': 0, 'losses': 0, 'total_pnl': 0.0, 'win_rate': 0.0, 'max_drawdown': 0.0, 'current_drawdown': 0.004664573745561992, 'peak_balance': 26.21265236}
2025-02-25 23:09:29,722 - INFO - 🔎 Procesando señal BUY a 625.30
2025-02-25 23:09:30,033 - INFO - Señal BUY coincide con la posición actual (LONG), no se realiza acción
2025-02-25 23:09:30,034 - INFO - Métricas: {'trades': 1, 'wins': 0, 'losses': 0, 'total_pnl': 0.0, 'win_rate': 0.0, 'max_drawdown': 0.0, 'current_drawdown': 0.004664573745561992, 'peak_balance': 26.21265236}
2025-02-25 23:10:30,682 - INFO - 🔎 Procesando señal BUY a 625.60
2025-02-25 23:10:30,993 - INFO - Señal BUY coincide con la posición actual (LONG), no se realiza acción
2025-02-25 23:10:30,994 - INFO - Métricas: {'trades': 1, 'wins': 0, 'losses': 0, 'total_pnl': 0.0, 'win_rate': 0.0, 'max_drawdown': 0.0, 'current_drawdown': 0.004664573745561992, 'peak_balance': 26.21265236}
2025-02-25 23:11:31,644 - INFO - 🔎 Procesando señal BUY a 626.20
2025-02-25 23:11:31,955 - INFO - Señal BUY coincide con la posición actual (LONG), no se realiza acción
2025-02-25 23:11:31,955 - INFO - Métricas: {'trades': 1, 'wins': 0, 'losses': 0, 'total_pnl': 0.0, 'win_rate': 0.0, 'max_drawdown': 0.0, 'current_drawdown': 0.004664573745561992, 'peak_balance': 26.21265236}
2025-02-25 23:12:28,555 - INFO - Trailing stop LONG actualizado: 623.14
2025-02-25 23:12:32,606 - INFO - 🔎 Procesando señal BUY a 627.08
2025-02-25 23:12:32,922 - INFO - Señal BUY coincide con la posición actual (LONG), no se realiza acción
2025-02-25 23:12:32,922 - INFO - Métricas: {'trades': 1, 'wins': 0, 'losses': 0, 'total_pnl': 0.0, 'win_rate': 0.0, 'max_drawdown': 0.0, 'current_drawdown': 0.004664573745561992, 'peak_balance': 26.21265236}
2025-02-25 23:13:33,566 - INFO - 🔎 Procesando señal BUY a 626.77
2025-02-25 23:13:33,886 - INFO - Señal BUY coincide con la posición actual (LONG), no se realiza acción
2025-02-25 23:13:33,888 - INFO - Métricas: {'trades': 1, 'wins': 0, 'losses': 0, 'total_pnl': 0.0, 'win_rate': 0.0, 'max_drawdown': 0.0, 'current_drawdown': 0.004664573745561992, 'peak_balance': 26.21265236}
2025-02-25 23:14:34,522 - INFO - 🔎 Procesando señal BUY a 627.02
2025-02-25 23:14:34,830 - INFO - Señal BUY coincide con la posición actual (LONG), no se realiza acción
2025-02-25 23:14:34,830 - INFO - Métricas: {'trades': 1, 'wins': 0, 'losses': 0, 'total_pnl': 0.0, 'win_rate': 0.0, 'max_drawdown': 0.0, 'current_drawdown': 0.004664573745561992, 'peak_balance': 26.21265236}
2025-02-25 23:15:21,408 - INFO - Trailing stop LONG actualizado: 623.19
2025-02-25 23:15:22,405 - INFO - Trailing stop LONG actualizado: 623.25
2025-02-25 23:15:23,406 - INFO - Trailing stop LONG actualizado: 623.28
2025-02-25 23:15:24,408 - INFO - Trailing stop LONG actualizado: 623.29
2025-02-25 23:15:35,487 - INFO - 🔎 Procesando señal BUY a 627.28
2025-02-25 23:15:35,800 - INFO - Señal BUY coincide con la posición actual (LONG), no se realiza acción
2025-02-25 23:15:35,802 - INFO - Métricas: {'trades': 1, 'wins': 0, 'losses': 0, 'total_pnl': 0.0, 'win_rate': 0.0, 'max_drawdown': 0.0, 'current_drawdown': 0.004664573745561992, 'peak_balance': 26.21265236}
2025-02-25 23:15:57,585 - INFO - Trailing stop LONG actualizado: 623.30
2025-02-25 23:15:58,606 - INFO - Trailing stop LONG actualizado: 623.31
2025-02-25 23:16:23,595 - INFO - Trailing stop LONG actualizado: 623.32
2025-02-25 23:16:25,612 - INFO - Trailing stop LONG actualizado: 623.33
2025-02-25 23:16:36,466 - INFO - 🔎 Procesando señal BUY a 627.17
2025-02-25 23:16:36,781 - INFO - Señal BUY coincide con la posición actual (LONG), no se realiza acción
2025-02-25 23:16:36,782 - INFO - Métricas: {'trades': 1, 'wins': 0, 'losses': 0, 'total_pnl': 0.0, 'win_rate': 0.0, 'max_drawdown': 0.0, 'current_drawdown': 0.004664573745561992, 'peak_balance': 26.21265236}
2025-02-25 23:17:31,627 - INFO - Trailing stop LONG actualizado: 623.34
2025-02-25 23:17:37,442 - INFO - 🔎 Procesando señal BUY a 627.34
2025-02-25 23:17:37,754 - INFO - Señal BUY coincide con la posición actual (LONG), no se realiza acción
2025-02-25 23:17:37,756 - INFO - Métricas: {'trades': 1, 'wins': 0, 'losses': 0, 'total_pnl': 0.0, 'win_rate': 0.0, 'max_drawdown': 0.0, 'current_drawdown': 0.004664573745561992, 'peak_balance': 26.21265236}
2025-02-25 23:18:28,681 - INFO - Trailing stop LONG actualizado: 623.43
2025-02-25 23:18:29,633 - ERROR - Error al cerrar posición: APIError(code=-2022): ReduceOnly Order is rejected.
2025-02-25 23:18:30,940 - ERROR - Error al cerrar posición: APIError(code=-2022): ReduceOnly Order is rejected.
2025-02-25 23:18:38,410 - INFO - 🔎 Procesando señal BUY a 627.16
2025-02-25 23:18:38,724 - INFO - Señal BUY coincide con la posición actual (LONG), no se realiza acción
2025-02-25 23:18:38,724 - INFO - Métricas: {'trades': 1, 'wins': 0, 'losses': 0, 'total_pnl': 0.0, 'win_rate': 0.0, 'max_drawdown': 0.0, 'current_drawdown': 0.005314012030791688, 'peak_balance': 26.21265236}
2025-02-25 23:19:39,381 - INFO - 🔎 Procesando señal BUY a 626.90
2025-02-25 23:19:39,679 - INFO - Señal BUY coincide con la posición actual (LONG), no se realiza acción
2025-02-25 23:19:39,679 - INFO - Métricas: {'trades': 1, 'wins': 0, 'losses': 0, 'total_pnl': 0.0, 'win_rate': 0.0, 'max_drawdown': 0.0, 'current_drawdown': 0.005314012030791688, 'peak_balance': 26.21265236}
2025-02-25 23:20:40,349 - INFO - 🔎 Procesando señal BUY a 626.51
2025-02-25 23:20:40,672 - INFO - Señal BUY coincide con la posición actual (LONG), no se realiza acción
2025-02-25 23:20:40,673 - INFO - Métricas: {'trades': 1, 'wins': 0, 'losses': 0, 'total_pnl': 0.0, 'win_rate': 0.0, 'max_drawdown': 0.0, 'current_drawdown': 0.005314012030791688, 'peak_balance': 26.21265236}
2025-02-25 23:21:41,333 - INFO - 🔎 Procesando señal BUY a 625.98
2025-02-25 23:21:41,649 - INFO - Señal BUY coincide con la posición actual (LONG), no se realiza acción
2025-02-25 23:21:41,651 - INFO - Métricas: {'trades': 1, 'wins': 0, 'losses': 0, 'total_pnl': 0.0, 'win_rate': 0.0, 'max_drawdown': 0.0, 'current_drawdown': 0.005314012030791688, 'peak_balance': 26.21265236}
2025-02-25 23:22:18,394 - INFO - Detención manual
2025-02-25 23:22:59,580 - INFO - Market Params | Tick: 0.01 | Lot: 0.01 | Min Notional: 10.0
2025-02-25 23:22:59,901 - INFO - ✅ Conexión Binance OK
2025-02-25 23:23:00,226 - INFO - Apalancamiento configurado a x10: {'symbol': 'BNBUSDT', 'leverage': 10, 'maxNotionalValue': '15000000'}
2025-02-25 23:23:01,241 - INFO - WebSocket iniciado
2025-02-25 23:23:01,596 - INFO - 🚀 Iniciando BNB Trading Bot
2025-02-25 23:23:03,148 - INFO - 🔎 Procesando señal BUY a 626.47
2025-02-25 23:23:04,697 - INFO - Tamaño posición calculado: 0.39
2025-02-25 23:23:06,161 - INFO - Trailing stop LONG actualizado: 622.37
2025-02-25 23:23:06,500 - INFO - Posición LONG abierta
2025-02-25 23:23:07,406 - INFO - Métricas: {'trades': 1, 'wins': 0, 'losses': 0, 'total_pnl': 0.0, 'win_rate': 0.0, 'max_drawdown': 0.0, 'current_drawdown': 0.0, 'peak_balance': 26.07335801}
2025-02-25 23:23:38,894 - INFO - Trailing stop LONG actualizado: 622.40
2025-02-25 23:23:41,893 - INFO - Trailing stop LONG actualizado: 622.42
2025-02-25 23:23:42,896 - INFO - Trailing stop LONG actualizado: 622.43
2025-02-25 23:23:43,894 - INFO - Trailing stop LONG actualizado: 622.49
2025-02-25 23:23:47,899 - INFO - Trailing stop LONG actualizado: 622.54
2025-02-25 23:23:49,894 - INFO - Trailing stop LONG actualizado: 622.60
2025-02-25 23:24:08,091 - INFO - 🔎 Procesando señal BUY a 626.57
2025-02-25 23:24:08,417 - INFO - Señal BUY coincide con la posición actual (LONG), no se realiza acción
2025-02-25 23:24:08,746 - INFO - Métricas: {'trades': 1, 'wins': 0, 'losses': 0, 'total_pnl': 0.0, 'win_rate': 0.0, 'max_drawdown': 0.0, 'current_drawdown': 0.0046846324878120245, 'peak_balance': 26.07335801}
2025-02-25 23:24:35,526 - INFO - Trailing stop LONG actualizado: 622.65
2025-02-25 23:24:36,517 - INFO - Trailing stop LONG actualizado: 622.69
2025-02-25 23:25:09,393 - INFO - 🔎 Procesando señal BUY a 626.76
2025-02-25 23:25:09,704 - INFO - Señal BUY coincide con la posición actual (LONG), no se realiza acción
2025-02-25 23:25:10,015 - INFO - Métricas: {'trades': 1, 'wins': 0, 'losses': 0, 'total_pnl': 0.0, 'win_rate': 0.0, 'max_drawdown': 0.0, 'current_drawdown': 0.0046846324878120245, 'peak_balance': 26.07335801}
2025-02-25 23:25:11,127 - INFO - Trailing stop LONG actualizado: 622.71
2025-02-25 23:25:13,119 - INFO - Trailing stop LONG actualizado: 622.72
2025-02-25 23:25:14,120 - INFO - Trailing stop LONG actualizado: 622.73
2025-02-25 23:25:15,138 - INFO - Trailing stop LONG actualizado: 622.80
2025-02-25 23:25:17,121 - INFO - Trailing stop LONG actualizado: 622.84
2025-02-25 23:26:10,665 - INFO - 🔎 Procesando señal BUY a 626.43
2025-02-25 23:26:10,977 - INFO - Señal BUY coincide con la posición actual (LONG), no se realiza acción
2025-02-25 23:26:11,292 - INFO - Métricas: {'trades': 1, 'wins': 0, 'losses': 0, 'total_pnl': 0.0, 'win_rate': 0.0, 'max_drawdown': 0.0, 'current_drawdown': 0.0046846324878120245, 'peak_balance': 26.07335801}
2025-02-25 23:27:11,942 - INFO - 🔎 Procesando señal BUY a 626.76
2025-02-25 23:27:12,254 - INFO - Señal BUY coincide con la posición actual (LONG), no se realiza acción
2025-02-25 23:27:12,572 - INFO - Métricas: {'trades': 1, 'wins': 0, 'losses': 0, 'total_pnl': 0.0, 'win_rate': 0.0, 'max_drawdown': 0.0, 'current_drawdown': 0.0046846324878120245, 'peak_balance': 26.07335801}
2025-02-25 23:27:49,231 - INFO - Trailing stop LONG actualizado: 622.88
2025-02-25 23:27:50,223 - INFO - Trailing stop LONG actualizado: 622.89
2025-02-25 23:27:51,230 - INFO - Trailing stop LONG actualizado: 623.01
2025-02-25 23:28:13,229 - INFO - 🔎 Procesando señal BUY a 626.63
2025-02-25 23:28:14,116 - INFO - Señal BUY coincide con la posición actual (LONG), no se realiza acción
2025-02-25 23:28:14,437 - INFO - Métricas: {'trades': 1, 'wins': 0, 'losses': 0, 'total_pnl': 0.0, 'win_rate': 0.0, 'max_drawdown': 0.0, 'current_drawdown': 0.0046846324878120245, 'peak_balance': 26.07335801}
2025-02-25 23:29:15,098 - INFO - 🔎 Procesando señal BUY a 626.60
2025-02-25 23:29:15,414 - INFO - Señal BUY coincide con la posición actual (LONG), no se realiza acción
2025-02-25 23:29:15,732 - INFO - Métricas: {'trades': 1, 'wins': 0, 'losses': 0, 'total_pnl': 0.0, 'win_rate': 0.0, 'max_drawdown': 0.0, 'current_drawdown': 0.0046846324878120245, 'peak_balance': 26.07335801}
2025-02-25 23:30:16,404 - INFO - 🔎 Procesando señal BUY a 626.07
2025-02-25 23:30:16,723 - INFO - Señal BUY coincide con la posición actual (LONG), no se realiza acción
2025-02-25 23:30:17,037 - INFO - Métricas: {'trades': 1, 'wins': 0, 'losses': 0, 'total_pnl': 0.0, 'win_rate': 0.0, 'max_drawdown': 0.0, 'current_drawdown': 0.0046846324878120245, 'peak_balance': 26.07335801}
2025-02-25 23:31:17,704 - INFO - 🔎 Procesando señal BUY a 625.75
2025-02-25 23:31:18,019 - INFO - Señal BUY coincide con la posición actual (LONG), no se realiza acción
2025-02-25 23:31:18,335 - INFO - Métricas: {'trades': 1, 'wins': 0, 'losses': 0, 'total_pnl': 0.0, 'win_rate': 0.0, 'max_drawdown': 0.0, 'current_drawdown': 0.0046846324878120245, 'peak_balance': 26.07335801}
2025-02-25 23:32:19,024 - INFO - 🔎 Procesando señal BUY a 625.34
2025-02-25 23:32:19,354 - INFO - Señal BUY coincide con la posición actual (LONG), no se realiza acción
2025-02-25 23:32:19,682 - INFO - Métricas: {'trades': 1, 'wins': 0, 'losses': 0, 'total_pnl': 0.0, 'win_rate': 0.0, 'max_drawdown': 0.0, 'current_drawdown': 0.0046846324878120245, 'peak_balance': 26.07335801}
2025-02-25 23:33:20,367 - INFO - 🔎 Procesando señal BUY a 625.01
2025-02-25 23:33:20,690 - INFO - Señal BUY coincide con la posición actual (LONG), no se realiza acción
2025-02-25 23:33:21,016 - INFO - Métricas: {'trades': 1, 'wins': 0, 'losses': 0, 'total_pnl': 0.0, 'win_rate': 0.0, 'max_drawdown': 0.0, 'current_drawdown': 0.0046846324878120245, 'peak_balance': 26.07335801}
2025-02-25 23:34:21,696 - INFO - 🔎 Procesando señal BUY a 625.09
2025-02-25 23:34:22,019 - INFO - Señal BUY coincide con la posición actual (LONG), no se realiza acción
2025-02-25 23:34:22,348 - INFO - Métricas: {'trades': 1, 'wins': 0, 'losses': 0, 'total_pnl': 0.0, 'win_rate': 0.0, 'max_drawdown': 0.0, 'current_drawdown': 0.0046846324878120245, 'peak_balance': 26.07335801}
2025-02-25 23:35:16,955 - INFO - Market Params | Tick: 0.01 | Lot: 0.01 | Min Notional: 10.0
2025-02-25 23:35:17,303 - INFO - ✅ Conexión Binance OK
2025-02-25 23:35:17,657 - INFO - Apalancamiento configurado a x10: {'symbol': 'BNBUSDT', 'leverage': 10, 'maxNotionalValue': '15000000'}
2025-02-25 23:35:18,464 - INFO - WebSocket iniciado
2025-02-25 23:35:18,839 - INFO - 🚀 Iniciando BNB Trading Bot
2025-02-25 23:35:20,395 - INFO - 🔎 Procesando señal HOLD a 625.17
2025-02-25 23:35:20,740 - WARNING - Posición LONG encontrada en Binance pero no en registro local para BNBUSDT
2025-02-25 23:35:20,741 - INFO - Señal HOLD coincide con la posición actual (LONG), no se realiza acción
2025-02-25 23:35:20,742 - ERROR - Error bucle: 'trailing_active'
2025-02-25 23:35:21,653 - ERROR - Error mensaje WebSocket: 'trailing_active'
2025-02-25 23:35:22,653 - ERROR - Error mensaje WebSocket: 'trailing_active'
2025-02-25 23:35:23,653 - ERROR - Error mensaje WebSocket: 'trailing_active'
2025-02-25 23:35:24,654 - ERROR - Error mensaje WebSocket: 'trailing_active'
2025-02-25 23:35:25,657 - ERROR - Error mensaje WebSocket: 'trailing_active'
2025-02-25 23:35:26,667 - ERROR - Error mensaje WebSocket: 'trailing_active'
2025-02-25 23:35:27,659 - ERROR - Error mensaje WebSocket: 'trailing_active'
2025-02-25 23:35:28,659 - ERROR - Error mensaje WebSocket: 'trailing_active'
2025-02-25 23:35:29,658 - ERROR - Error mensaje WebSocket: 'trailing_active'
2025-02-25 23:35:30,660 - ERROR - Error mensaje WebSocket: 'trailing_active'
2025-02-25 23:35:31,660 - ERROR - Error mensaje WebSocket: 'trailing_active'
2025-02-25 23:35:32,660 - ERROR - Error mensaje WebSocket: 'trailing_active'
2025-02-25 23:35:33,660 - ERROR - Error mensaje WebSocket: 'trailing_active'
2025-02-25 23:35:34,661 - ERROR - Error mensaje WebSocket: 'trailing_active'
2025-02-25 23:35:35,661 - ERROR - Error mensaje WebSocket: 'trailing_active'
2025-02-25 23:35:36,676 - ERROR - Error mensaje WebSocket: 'trailing_active'
2025-02-25 23:35:37,662 - ERROR - Error mensaje WebSocket: 'trailing_active'
2025-02-25 23:35:38,658 - ERROR - Error mensaje WebSocket: 'trailing_active'
2025-02-25 23:35:39,656 - ERROR - Error mensaje WebSocket: 'trailing_active'
2025-02-25 23:35:40,664 - ERROR - Error mensaje WebSocket: 'trailing_active'
2025-02-25 23:35:41,665 - ERROR - Error mensaje WebSocket: 'trailing_active'
2025-02-25 23:35:42,664 - ERROR - Error mensaje WebSocket: 'trailing_active'
2025-02-25 23:35:44,277 - ERROR - Error mensaje WebSocket: 'trailing_active'
2025-02-25 23:35:44,664 - ERROR - Error mensaje WebSocket: 'trailing_active'
2025-02-25 23:35:45,666 - ERROR - Error mensaje WebSocket: 'trailing_active'
2025-02-25 23:35:47,288 - ERROR - Error mensaje WebSocket: 'trailing_active'
2025-02-25 23:35:47,666 - ERROR - Error mensaje WebSocket: 'trailing_active'
2025-02-25 23:35:48,666 - ERROR - Error mensaje WebSocket: 'trailing_active'
2025-02-25 23:35:50,261 - ERROR - Error mensaje WebSocket: 'trailing_active'
2025-02-25 23:35:50,667 - ERROR - Error mensaje WebSocket: 'trailing_active'
2025-02-25 23:35:51,673 - ERROR - Error mensaje WebSocket: 'trailing_active'
2025-02-25 23:35:52,670 - ERROR - Error mensaje WebSocket: 'trailing_active'
2025-02-25 23:35:53,669 - ERROR - Error mensaje WebSocket: 'trailing_active'
2025-02-25 23:35:54,671 - ERROR - Error mensaje WebSocket: 'trailing_active'
2025-02-25 23:35:55,671 - ERROR - Error mensaje WebSocket: 'trailing_active'
2025-02-25 23:35:56,670 - ERROR - Error mensaje WebSocket: 'trailing_active'
2025-02-25 23:35:57,671 - ERROR - Error mensaje WebSocket: 'trailing_active'
2025-02-25 23:35:58,672 - ERROR - Error mensaje WebSocket: 'trailing_active'
2025-02-25 23:35:59,672 - ERROR - Error mensaje WebSocket: 'trailing_active'
2025-02-25 23:36:00,672 - ERROR - Error mensaje WebSocket: 'trailing_active'
2025-02-25 23:36:01,672 - ERROR - Error mensaje WebSocket: 'trailing_active'
2025-02-25 23:36:02,673 - ERROR - Error mensaje WebSocket: 'trailing_active'
2025-02-25 23:36:03,673 - ERROR - Error mensaje WebSocket: 'trailing_active'
2025-02-25 23:36:04,673 - ERROR - Error mensaje WebSocket: 'trailing_active'
2025-02-25 23:36:05,672 - ERROR - Error mensaje WebSocket: 'trailing_active'
2025-02-25 23:36:06,673 - ERROR - Error mensaje WebSocket: 'trailing_active'
2025-02-25 23:36:07,673 - ERROR - Error mensaje WebSocket: 'trailing_active'
2025-02-25 23:36:08,675 - ERROR - Error mensaje WebSocket: 'trailing_active'
2025-02-25 23:36:09,677 - ERROR - Error mensaje WebSocket: 'trailing_active'
2025-02-25 23:36:10,676 - ERROR - Error mensaje WebSocket: 'trailing_active'
2025-02-25 23:36:11,676 - ERROR - Error mensaje WebSocket: 'trailing_active'
2025-02-25 23:36:12,677 - ERROR - Error mensaje WebSocket: 'trailing_active'
2025-02-25 23:36:13,677 - ERROR - Error mensaje WebSocket: 'trailing_active'
2025-02-25 23:36:14,677 - ERROR - Error mensaje WebSocket: 'trailing_active'
2025-02-25 23:36:15,679 - ERROR - Error mensaje WebSocket: 'trailing_active'
2025-02-25 23:36:16,680 - ERROR - Error mensaje WebSocket: 'trailing_active'
2025-02-25 23:36:17,681 - ERROR - Error mensaje WebSocket: 'trailing_active'
2025-02-25 23:36:18,683 - ERROR - Error mensaje WebSocket: 'trailing_active'
2025-02-25 23:36:19,682 - ERROR - Error mensaje WebSocket: 'trailing_active'
2025-02-25 23:36:20,682 - ERROR - Error mensaje WebSocket: 'trailing_active'
2025-02-25 23:36:21,683 - ERROR - Error mensaje WebSocket: 'trailing_active'
2025-02-25 23:36:22,684 - ERROR - Error mensaje WebSocket: 'trailing_active'
2025-02-25 23:36:23,683 - ERROR - Error mensaje WebSocket: 'trailing_active'
2025-02-25 23:36:24,684 - ERROR - Error mensaje WebSocket: 'trailing_active'
2025-02-25 23:36:25,684 - ERROR - Error mensaje WebSocket: 'trailing_active'
2025-02-25 23:36:26,684 - ERROR - Error mensaje WebSocket: 'trailing_active'
2025-02-25 23:36:27,684 - ERROR - Error mensaje WebSocket: 'trailing_active'
2025-02-25 23:36:28,683 - ERROR - Error mensaje WebSocket: 'trailing_active'
2025-02-25 23:36:29,684 - ERROR - Error mensaje WebSocket: 'trailing_active'
2025-02-25 23:38:54,958 - INFO - Market Params | Tick: 0.01 | Lot: 0.01 | Min Notional: 10.0
2025-02-25 23:38:55,280 - INFO - ✅ Conexión Binance OK
2025-02-25 23:38:55,592 - INFO - Apalancamiento configurado a x10: {'symbol': 'BNBUSDT', 'leverage': 10, 'maxNotionalValue': '15000000'}
2025-02-25 23:38:56,499 - INFO - WebSocket iniciado
2025-02-25 23:38:56,849 - INFO - 🚀 Iniciando BNB Trading Bot
2025-02-25 23:38:58,327 - INFO - 🔎 Procesando señal BUY a 625.89
2025-02-25 23:38:58,647 - WARNING - Posición LONG encontrada en Binance pero no en registro local para BNBUSDT
2025-02-25 23:38:58,648 - INFO - Señal BUY coincide con la posición actual (LONG), no se realiza acción
2025-02-25 23:39:00,433 - ERROR - Error al cerrar posición: APIError(code=-2022): ReduceOnly Order is rejected.
2025-02-25 23:39:01,755 - ERROR - Error al cerrar posición: APIError(code=-2022): ReduceOnly Order is rejected.
2025-02-25 23:39:05,692 - ERROR - Error al cerrar posición: APIError(code=-2022): ReduceOnly Order is rejected.
2025-02-25 23:39:06,998 - ERROR - Error al cerrar posición: APIError(code=-2022): ReduceOnly Order is rejected.
2025-02-25 23:39:08,326 - ERROR - Error al cerrar posición: APIError(code=-2022): ReduceOnly Order is rejected.
2025-02-25 23:39:09,962 - ERROR - Error al cerrar posición: APIError(code=-2022): ReduceOnly Order is rejected.
2025-02-25 23:39:11,296 - ERROR - Error al cerrar posición: APIError(code=-2022): ReduceOnly Order is rejected.
2025-02-25 23:39:12,606 - ERROR - Error al cerrar posición: APIError(code=-2022): ReduceOnly Order is rejected.
2025-02-25 23:39:14,242 - ERROR - Error al cerrar posición: APIError(code=-2022): ReduceOnly Order is rejected.
2025-02-25 23:39:15,569 - ERROR - Error al cerrar posición: APIError(code=-2022): ReduceOnly Order is rejected.
2025-02-25 23:39:16,889 - ERROR - Error al cerrar posición: APIError(code=-2022): ReduceOnly Order is rejected.
2025-02-25 23:39:19,090 - ERROR - Error al cerrar posición: APIError(code=-2022): ReduceOnly Order is rejected.
2025-02-25 23:39:20,414 - ERROR - Error al cerrar posición: APIError(code=-2022): ReduceOnly Order is rejected.
2025-02-25 23:39:21,742 - ERROR - Error al cerrar posición: APIError(code=-2022): ReduceOnly Order is rejected.
2025-02-25 23:39:23,378 - ERROR - Error al cerrar posición: APIError(code=-2022): ReduceOnly Order is rejected.
2025-02-25 23:39:24,699 - ERROR - Error al cerrar posición: APIError(code=-2022): ReduceOnly Order is rejected.
2025-02-25 23:39:26,016 - ERROR - Error al cerrar posición: APIError(code=-2022): ReduceOnly Order is rejected.
2025-02-25 23:39:28,230 - ERROR - Error al cerrar posición: APIError(code=-2022): ReduceOnly Order is rejected.
2025-02-25 23:39:29,558 - ERROR - Error al cerrar posición: APIError(code=-2022): ReduceOnly Order is rejected.
2025-02-25 23:39:30,878 - ERROR - Error al cerrar posición: APIError(code=-2022): ReduceOnly Order is rejected.
2025-02-25 23:39:32,501 - ERROR - Error al cerrar posición: APIError(code=-2022): ReduceOnly Order is rejected.
2025-02-25 23:39:33,826 - ERROR - Error al cerrar posición: APIError(code=-2022): ReduceOnly Order is rejected.
2025-02-25 23:39:35,139 - ERROR - Error al cerrar posición: APIError(code=-2022): ReduceOnly Order is rejected.
2025-02-25 23:39:37,352 - ERROR - Error al cerrar posición: APIError(code=-2022): ReduceOnly Order is rejected.
2025-02-25 23:39:38,681 - ERROR - Error al cerrar posición: APIError(code=-2022): ReduceOnly Order is rejected.
2025-02-25 23:39:40,565 - ERROR - Error al cerrar posición: APIError(code=-2022): ReduceOnly Order is rejected.
2025-02-25 23:39:42,195 - ERROR - Error al cerrar posición: APIError(code=-2022): ReduceOnly Order is rejected.
2025-02-25 23:39:43,515 - ERROR - Error al cerrar posición: APIError(code=-2022): ReduceOnly Order is rejected.
2025-02-25 23:39:44,834 - ERROR - Error al cerrar posición: APIError(code=-2022): ReduceOnly Order is rejected.
2025-02-25 23:39:47,045 - ERROR - Error al cerrar posición: APIError(code=-2022): ReduceOnly Order is rejected.
2025-02-25 23:39:48,365 - ERROR - Error al cerrar posición: APIError(code=-2022): ReduceOnly Order is rejected.
2025-02-25 23:39:49,691 - ERROR - Error al cerrar posición: APIError(code=-2022): ReduceOnly Order is rejected.
2025-02-25 23:39:51,325 - ERROR - Error al cerrar posición: APIError(code=-2022): ReduceOnly Order is rejected.
2025-02-25 23:39:52,636 - ERROR - Error al cerrar posición: APIError(code=-2022): ReduceOnly Order is rejected.
2025-02-25 23:39:53,967 - ERROR - Error al cerrar posición: APIError(code=-2022): ReduceOnly Order is rejected.
2025-02-25 23:39:56,172 - ERROR - Error al cerrar posición: APIError(code=-2022): ReduceOnly Order is rejected.
2025-02-25 23:39:57,496 - ERROR - Error al cerrar posición: APIError(code=-2022): ReduceOnly Order is rejected.
2025-02-25 23:39:58,816 - ERROR - Error al cerrar posición: APIError(code=-2022): ReduceOnly Order is rejected.
2025-02-25 23:39:59,387 - INFO - 🔎 Procesando señal BUY a 626.04
2025-02-25 23:39:59,701 - INFO - Señal BUY coincide con la posición actual (LONG), no se realiza acción
2025-02-25 23:40:00,461 - ERROR - Error al cerrar posición: APIError(code=-2022): ReduceOnly Order is rejected.
2025-02-25 23:40:01,777 - ERROR - Error al cerrar posición: APIError(code=-2022): ReduceOnly Order is rejected.
2025-02-25 23:40:03,097 - ERROR - Error al cerrar posición: APIError(code=-2022): ReduceOnly Order is rejected.
2025-02-25 23:40:04,728 - ERROR - Error al cerrar posición: APIError(code=-2022): ReduceOnly Order is rejected.
2025-02-25 23:40:06,048 - ERROR - Error al cerrar posición: APIError(code=-2022): ReduceOnly Order is rejected.
2025-02-25 23:40:07,370 - ERROR - Error al cerrar posición: APIError(code=-2022): ReduceOnly Order is rejected.
2025-02-25 23:40:09,016 - ERROR - Error al cerrar posición: APIError(code=-2022): ReduceOnly Order is rejected.
2025-02-25 23:40:10,336 - ERROR - Error al cerrar posición: APIError(code=-2022): ReduceOnly Order is rejected.
2025-02-25 23:40:12,235 - ERROR - Error al cerrar posición: APIError(code=-2022): ReduceOnly Order is rejected.
2025-02-25 23:40:14,444 - ERROR - Error al cerrar posición: APIError(code=-2022): ReduceOnly Order is rejected.
2025-02-25 23:40:15,762 - ERROR - Error al cerrar posición: APIError(code=-2022): ReduceOnly Order is rejected.
2025-02-25 23:40:17,659 - ERROR - Error al cerrar posición: APIError(code=-2022): ReduceOnly Order is rejected.
2025-02-25 23:40:19,302 - ERROR - Error al cerrar posición: APIError(code=-2022): ReduceOnly Order is rejected.
2025-02-25 23:40:21,200 - ERROR - Error al cerrar posición: APIError(code=-2022): ReduceOnly Order is rejected.
2025-02-25 23:40:23,086 - ERROR - Error al cerrar posición: APIError(code=-2022): ReduceOnly Order is rejected.
2025-02-25 23:40:24,723 - ERROR - Error al cerrar posición: APIError(code=-2022): ReduceOnly Order is rejected.
2025-02-25 23:40:26,053 - ERROR - Error al cerrar posición: APIError(code=-2022): ReduceOnly Order is rejected.
2025-02-25 23:40:27,376 - ERROR - Error al cerrar posición: APIError(code=-2022): ReduceOnly Order is rejected.
2025-02-25 23:40:29,015 - ERROR - Error al cerrar posición: APIError(code=-2022): ReduceOnly Order is rejected.
2025-02-25 23:40:30,334 - ERROR - Error al cerrar posición: APIError(code=-2022): ReduceOnly Order is rejected.
2025-02-25 23:40:31,657 - ERROR - Error al cerrar posición: APIError(code=-2022): ReduceOnly Order is rejected.
2025-02-25 23:40:33,861 - ERROR - Error al cerrar posición: APIError(code=-2022): ReduceOnly Order is rejected.
2025-02-25 23:40:35,175 - ERROR - Error al cerrar posición: APIError(code=-2022): ReduceOnly Order is rejected.
2025-02-25 23:40:36,504 - ERROR - Error al cerrar posición: APIError(code=-2022): ReduceOnly Order is rejected.
2025-02-25 23:40:38,134 - ERROR - Error al cerrar posición: APIError(code=-2022): ReduceOnly Order is rejected.
2025-02-25 23:40:39,455 - ERROR - Error al cerrar posición: APIError(code=-2022): ReduceOnly Order is rejected.
2025-02-25 23:40:40,800 - ERROR - Error al cerrar posición: APIError(code=-2022): ReduceOnly Order is rejected.
2025-02-25 23:40:42,443 - ERROR - Error al cerrar posición: APIError(code=-2022): ReduceOnly Order is rejected.
2025-02-25 23:40:43,759 - ERROR - Error al cerrar posición: APIError(code=-2022): ReduceOnly Order is rejected.
2025-02-25 23:40:45,080 - ERROR - Error al cerrar posición: APIError(code=-2022): ReduceOnly Order is rejected.
2025-02-25 23:40:46,749 - ERROR - Error al cerrar posición: APIError(code=-2022): ReduceOnly Order is rejected.
2025-02-25 23:40:48,069 - ERROR - Error al cerrar posición: APIError(code=-2022): ReduceOnly Order is rejected.
2025-02-25 23:40:49,385 - ERROR - Error al cerrar posición: APIError(code=-2022): ReduceOnly Order is rejected.
2025-02-25 23:40:51,033 - ERROR - Error al cerrar posición: APIError(code=-2022): ReduceOnly Order is rejected.
2025-02-25 23:40:52,351 - ERROR - Error al cerrar posición: APIError(code=-2022): ReduceOnly Order is rejected.
2025-02-25 23:40:53,661 - ERROR - Error al cerrar posición: APIError(code=-2022): ReduceOnly Order is rejected.
2025-02-25 23:40:55,309 - ERROR - Error al cerrar posición: APIError(code=-2022): ReduceOnly Order is rejected.
2025-02-25 23:40:56,628 - ERROR - Error al cerrar posición: APIError(code=-2022): ReduceOnly Order is rejected.
2025-02-25 23:40:57,965 - INFO - Detención manual
2025-02-25 23:40:57,984 - ERROR - Error al cerrar posición: APIError(code=-2022): ReduceOnly Order is rejected.
2025-02-25 23:40:59,617 - ERROR - Error al cerrar posición: APIError(code=-2022): ReduceOnly Order is rejected.
2025-02-25 23:42:24,692 - INFO - Market Params | Tick: 0.01 | Lot: 0.01 | Min Notional: 10.0
2025-02-25 23:42:25,010 - INFO - ✅ Conexión Binance OK
2025-02-25 23:42:25,325 - INFO - Apalancamiento configurado a x10: {'symbol': 'BNBUSDT', 'leverage': 10, 'maxNotionalValue': '15000000'}
2025-02-25 23:42:26,332 - INFO - WebSocket iniciado
2025-02-25 23:42:26,716 - INFO - 🚀 Iniciando BNB Trading Bot
2025-02-25 23:42:28,280 - INFO - 🔎 Procesando señal BUY a 625.37
2025-02-25 23:42:29,217 - INFO - Tamaño posición calculado: 0.03
2025-02-25 23:42:30,979 - INFO - Posición LONG abierta
2025-02-25 23:43:31,628 - INFO - 🔎 Procesando señal BUY a 625.33
2025-02-25 23:43:31,945 - INFO - Señal BUY coincide con la posición actual (LONG), no se realiza acción
2025-02-25 23:44:32,647 - INFO - 🔎 Procesando señal BUY a 625.08
2025-02-25 23:44:32,959 - INFO - Señal BUY coincide con la posición actual (LONG), no se realiza acción
2025-02-25 23:45:33,603 - INFO - 🔎 Procesando señal BUY a 625.74
2025-02-25 23:45:33,917 - INFO - Señal BUY coincide con la posición actual (LONG), no se realiza acción
2025-02-25 23:46:34,563 - INFO - 🔎 Procesando señal BUY a 625.99
2025-02-25 23:46:34,876 - INFO - Señal BUY coincide con la posición actual (LONG), no se realiza acción
2025-02-25 23:47:35,530 - INFO - 🔎 Procesando señal BUY a 625.69
2025-02-25 23:47:35,852 - INFO - Señal BUY coincide con la posición actual (LONG), no se realiza acción
2025-02-25 23:48:36,509 - INFO - 🔎 Procesando señal BUY a 625.57
2025-02-25 23:48:36,831 - INFO - Señal BUY coincide con la posición actual (LONG), no se realiza acción
2025-02-25 23:49:37,479 - INFO - 🔎 Procesando señal BUY a 626.32
2025-02-25 23:49:37,803 - INFO - Señal BUY coincide con la posición actual (LONG), no se realiza acción
2025-02-25 23:50:38,466 - INFO - 🔎 Procesando señal BUY a 626.76
2025-02-25 23:50:38,790 - INFO - Señal BUY coincide con la posición actual (LONG), no se realiza acción
2025-02-25 23:51:39,462 - INFO - 🔎 Procesando señal BUY a 627.64
2025-02-25 23:51:39,795 - INFO - Señal BUY coincide con la posición actual (LONG), no se realiza acción
2025-02-25 23:52:40,480 - INFO - 🔎 Procesando señal BUY a 627.84
2025-02-25 23:52:40,795 - INFO - Señal BUY coincide con la posición actual (LONG), no se realiza acción
2025-02-25 23:53:32,435 - INFO - Market Params | Tick: 0.01 | Lot: 0.01 | Min Notional: 10.0
2025-02-25 23:53:32,759 - INFO - ✅ Conexión Binance OK
2025-02-25 23:53:33,078 - INFO - Apalancamiento configurado a x10: {'symbol': 'BNBUSDT', 'leverage': 10, 'maxNotionalValue': '15000000'}
2025-02-25 23:53:33,884 - INFO - WebSocket iniciado
2025-02-25 23:53:34,235 - INFO - 🚀 Iniciando BNB Trading Bot
2025-02-25 23:53:35,807 - INFO - 🔎 Procesando señal BUY a 627.78
2025-02-25 23:53:36,758 - INFO - Tamaño posición calculado: 0.06
2025-02-25 23:53:38,501 - INFO - Posición LONG abierta
2025-02-25 23:54:39,169 - INFO - 🔎 Procesando señal BUY a 628.00
2025-02-25 23:54:39,491 - INFO - Señal BUY coincide con la posición actual (LONG), no se realiza acción
2025-02-25 23:55:40,146 - INFO - 🔎 Procesando señal BUY a 628.00
2025-02-25 23:55:40,466 - INFO - Señal BUY coincide con la posición actual (LONG), no se realiza acción
2025-02-25 23:56:41,122 - INFO - 🔎 Procesando señal BUY a 628.59
2025-02-25 23:56:41,447 - INFO - Señal BUY coincide con la posición actual (LONG), no se realiza acción
2025-02-25 23:56:52,793 - INFO - Detención manual
2025-02-25 23:57:45,693 - INFO - Market Params | Tick: 0.01 | Lot: 0.01 | Min Notional: 10.0
2025-02-25 23:57:46,003 - INFO - ✅ Conexión Binance OK
2025-02-25 23:57:46,325 - INFO - Apalancamiento configurado a x10: {'symbol': 'BNBUSDT', 'leverage': 10, 'maxNotionalValue': '15000000'}
2025-02-25 23:57:47,132 - INFO - WebSocket iniciado
2025-02-25 23:57:47,477 - INFO - 🚀 Iniciando BNB Trading Bot
2025-02-25 23:57:49,055 - INFO - 🔎 Procesando señal BUY a 628.46
2025-02-25 23:57:49,370 - WARNING - Posición LONG encontrada en Binance pero no en registro local para BNBUSDT
2025-02-25 23:57:49,370 - INFO - Señal BUY coincide con la posición actual (LONG), no se realiza acción
2025-02-25 23:57:55,435 - ERROR - Error al cerrar posición: APIError(code=-2019): Margin is insufficient.
2025-02-25 23:57:57,657 - ERROR - Error al cerrar posición: APIError(code=-2019): Margin is insufficient.
2025-02-25 23:57:58,976 - ERROR - Error al cerrar posición: APIError(code=-2019): Margin is insufficient.
2025-02-25 23:58:00,304 - ERROR - Error al cerrar posición: APIError(code=-2019): Margin is insufficient.
2025-02-25 23:58:02,498 - ERROR - Error al cerrar posición: APIError(code=-2019): Margin is insufficient.
2025-02-25 23:58:04,730 - ERROR - Error al cerrar posición: APIError(code=-2019): Margin is insufficient.
2025-02-25 23:58:06,377 - ERROR - Error al cerrar posición: APIError(code=-2019): Margin is insufficient.
2025-02-25 23:58:07,696 - ERROR - Error al cerrar posición: APIError(code=-2019): Margin is insufficient.
2025-02-25 23:58:09,017 - ERROR - Error al cerrar posición: APIError(code=-2019): Margin is insufficient.
2025-02-25 23:58:10,658 - ERROR - Error al cerrar posición: APIError(code=-2019): Margin is insufficient.
2025-02-25 23:58:28,027 - INFO - Market Params | Tick: 0.01 | Lot: 0.01 | Min Notional: 10.0
2025-02-25 23:58:28,343 - INFO - ✅ Conexión Binance OK
2025-02-25 23:58:28,651 - INFO - Apalancamiento configurado a x10: {'symbol': 'BNBUSDT', 'leverage': 10, 'maxNotionalValue': '15000000'}
2025-02-25 23:58:29,562 - INFO - WebSocket iniciado
2025-02-25 23:58:29,930 - INFO - 🚀 Iniciando BNB Trading Bot
2025-02-25 23:58:31,459 - INFO - 🔎 Procesando señal BUY a 628.34
2025-02-25 23:58:32,407 - INFO - Tamaño posición calculado: 5.73
2025-02-25 23:58:33,297 - ERROR - Error orden BUY: APIError(code=-2019): Margin is insufficient.
2025-02-25 23:58:34,618 - ERROR - Error orden BUY: APIError(code=-2019): Margin is insufficient.
2025-02-25 23:58:35,936 - ERROR - Error orden BUY: APIError(code=-2019): Margin is insufficient.
2025-02-25 23:59:01,728 - INFO - Market Params | Tick: 0.01 | Lot: 0.01 | Min Notional: 10.0
2025-02-25 23:59:02,109 - INFO - ✅ Conexión Binance OK
2025-02-25 23:59:02,482 - INFO - Apalancamiento configurado a x10: {'symbol': 'BNBUSDT', 'leverage': 10, 'maxNotionalValue': '15000000'}
2025-02-25 23:59:03,611 - INFO - WebSocket iniciado
2025-02-25 23:59:04,268 - INFO - 🚀 Iniciando BNB Trading Bot
2025-02-25 23:59:05,801 - INFO - 🔎 Procesando señal BUY a 628.48
2025-02-25 23:59:06,773 - INFO - Tamaño posición calculado: 0.03
2025-02-25 23:59:07,948 - INFO - Posición LONG abierta
2025-02-26 00:00:08,813 - INFO - 🔎 Procesando señal BUY a 628.86
2025-02-26 00:00:09,230 - INFO - Señal BUY coincide con la posición actual (LONG), no se realiza acción
2025-02-26 00:01:09,904 - INFO - 🔎 Procesando señal BUY a 629.19
2025-02-26 00:01:10,226 - INFO - Señal BUY coincide con la posición actual (LONG), no se realiza acción
2025-02-26 00:02:10,891 - INFO - 🔎 Procesando señal BUY a 628.92
2025-02-26 00:02:11,215 - INFO - Señal BUY coincide con la posición actual (LONG), no se realiza acción
2025-02-26 00:03:11,889 - INFO - 🔎 Procesando señal BUY a 629.63
2025-02-26 00:03:12,216 - INFO - Señal BUY coincide con la posición actual (LONG), no se realiza acción
2025-02-26 00:04:12,889 - INFO - 🔎 Procesando señal BUY a 629.68
2025-02-26 00:04:13,219 - INFO - Señal BUY coincide con la posición actual (LONG), no se realiza acción
2025-02-26 00:05:13,897 - INFO - 🔎 Procesando señal BUY a 629.62
2025-02-26 00:05:14,219 - INFO - Señal BUY coincide con la posición actual (LONG), no se realiza acción
2025-02-26 00:06:14,904 - INFO - 🔎 Procesando señal BUY a 629.52
2025-02-26 00:06:15,228 - INFO - Señal BUY coincide con la posición actual (LONG), no se realiza acción
2025-02-26 00:07:15,903 - INFO - 🔎 Procesando señal BUY a 629.70
2025-02-26 00:07:16,230 - INFO - Señal BUY coincide con la posición actual (LONG), no se realiza acción
2025-02-26 00:08:16,900 - INFO - 🔎 Procesando señal BUY a 629.42
2025-02-26 00:08:17,232 - INFO - Señal BUY coincide con la posición actual (LONG), no se realiza acción
2025-02-26 00:09:17,910 - INFO - 🔎 Procesando señal BUY a 629.41
2025-02-26 00:09:18,240 - INFO - Señal BUY coincide con la posición actual (LONG), no se realiza acción
2025-02-26 00:10:18,941 - INFO - 🔎 Procesando señal BUY a 629.77
2025-02-26 00:10:19,267 - INFO - Señal BUY coincide con la posición actual (LONG), no se realiza acción
2025-02-26 00:11:19,947 - INFO - 🔎 Procesando señal BUY a 630.00
2025-02-26 00:11:20,273 - INFO - Señal BUY coincide con la posición actual (LONG), no se realiza acción
2025-02-26 00:12:20,949 - INFO - 🔎 Procesando señal BUY a 630.31
2025-02-26 00:12:21,281 - INFO - Señal BUY coincide con la posición actual (LONG), no se realiza acción
2025-02-26 00:13:21,968 - INFO - 🔎 Procesando señal BUY a 630.03
2025-02-26 00:13:22,294 - INFO - Señal BUY coincide con la posición actual (LONG), no se realiza acción
2025-02-26 00:14:22,976 - INFO - 🔎 Procesando señal BUY a 630.13
2025-02-26 00:14:23,305 - INFO - Señal BUY coincide con la posición actual (LONG), no se realiza acción
2025-02-26 00:14:52,621 - INFO - Detención manual
2025-02-26 00:15:28,178 - INFO - Market Params | Tick: 0.01 | Lot: 0.01 | Min Notional: 10.0
2025-02-26 00:15:28,508 - INFO - ✅ Conexión Binance OK
2025-02-26 00:15:28,838 - INFO - Apalancamiento configurado a x10: {'symbol': 'BNBUSDT', 'leverage': 10, 'maxNotionalValue': '15000000'}
2025-02-26 00:15:29,650 - INFO - WebSocket iniciado
2025-02-26 00:15:30,019 - INFO - 🚀 Iniciando BNB Trading Bot
2025-02-26 00:15:31,578 - INFO - 🔎 Procesando señal BUY a 630.05
2025-02-26 00:15:32,546 - INFO - Tamaño posición calculado: 0.37
2025-02-26 00:15:33,708 - INFO - Posición LONG abierta
2025-02-26 00:16:34,456 - INFO - 🔎 Procesando señal BUY a 630.48
2025-02-26 00:16:34,772 - INFO - Señal BUY coincide con la posición actual (LONG), no se realiza acción
2025-02-26 00:16:54,839 - INFO - Detención manual
