2025-02-25 15:54:56,709 - ERROR - Error analizando BTCUSDT: -1
2025-02-25 15:54:57,033 - ERROR - Error analizando ETHUSDT: -1
2025-02-25 15:54:57,352 - ERROR - Error analizando BCHUSDT: -1
2025-02-25 15:54:57,667 - ERROR - Error analizando XRPUSDT: -1
2025-02-25 15:54:57,984 - ERROR - Error analizando EOSUSDT: -1
2025-02-25 15:54:58,311 - ERROR - Error analizando LTCUSDT: -1
2025-02-25 15:54:58,633 - ERROR - Error analizando TRXUSDT: -1
2025-02-25 15:54:58,951 - ERROR - Error analizando ETCUSDT: -1
2025-02-25 15:54:59,269 - ERROR - Error analizando LINKUSDT: -1
2025-02-25 15:54:59,591 - ERROR - Error analizando XLMUSDT: -1
2025-02-25 15:54:59,908 - ERROR - Error analizando ADAUSDT: -1
2025-02-25 15:55:00,229 - ERROR - Error analizando XMRUSDT: -1
2025-02-25 15:55:00,550 - ERROR - Error analizando DASHUSDT: -1
2025-02-25 15:55:00,871 - ERROR - Error analizando ZECUSDT: -1
2025-02-25 15:55:01,188 - ERROR - Error analizando XTZUSDT: -1
2025-02-25 15:55:01,506 - ERROR - Error analizando BNBUSDT: -1
2025-02-25 15:55:01,828 - ERROR - Error analizando ATOMUSDT: -1
2025-02-25 15:55:02,147 - ERROR - Error analizando ONTUSDT: -1
2025-02-25 15:55:02,470 - ERROR - Error analizando IOTAUSDT: -1
2025-02-25 15:55:02,779 - ERROR - Error analizando BATUSDT: -1
2025-02-25 15:55:03,113 - ERROR - Error analizando VETUSDT: -1
2025-02-25 15:55:04,002 - ERROR - Error analizando NEOUSDT: -1
2025-02-25 15:55:04,326 - ERROR - Error analizando QTUMUSDT: -1
2025-02-25 15:55:04,646 - ERROR - Error analizando IOSTUSDT: -1
2025-02-25 15:55:04,964 - ERROR - Error analizando THETAUSDT: -1
2025-02-25 15:55:05,287 - ERROR - Error analizando ALGOUSDT: -1
