2025-02-25 15:31:18,349 - INFO - Market Params para ETHUSDT | Tick: 0.01 | Lot: 0.001 | Min Notional: 10.0
2025-02-25 15:31:18,723 - INFO - ✅ Conexión Binance OK
2025-02-25 15:31:19,136 - INFO - Apalancamiento configurado para ETHUSDT: {'symbol': 'ETHUSDT', 'leverage': 10, 'maxNotionalValue': '150000000'}
2025-02-25 15:31:20,257 - INFO - WebSocket iniciado para ETHUSDT
2025-02-25 15:31:21,056 - INFO - Market Params para SOLUSDT | Tick: 0.01 | Lot: 1.0 | Min Notional: 10.0
2025-02-25 15:31:21,373 - INFO - ✅ Conexión Binance OK
2025-02-25 15:31:21,706 - INFO - Apalancamiento configurado para SOLUSDT: {'symbol': 'SOLUSDT', 'leverage': 10, 'maxNotionalValue': '40000000'}
2025-02-25 15:34:21,457 - INFO - Market Params para ETHUSDT | Tick: 0.01 | Lot: 0.001 | Min Notional: 10.0
2025-02-25 15:34:21,777 - INFO - ✅ Conexión Binance OK
2025-02-25 15:34:22,082 - INFO - Apalancamiento configurado para ETHUSDT: {'symbol': 'ETHUSDT', 'leverage': 10, 'maxNotionalValue': '150000000'}
2025-02-25 15:34:22,899 - INFO - WebSocket iniciado para ETHUSDT
2025-02-25 15:34:23,669 - INFO - Market Params para SOLUSDT | Tick: 0.01 | Lot: 1.0 | Min Notional: 10.0
2025-02-25 15:34:23,997 - INFO - ✅ Conexión Binance OK
2025-02-25 15:34:24,300 - INFO - Apalancamiento configurado para SOLUSDT: {'symbol': 'SOLUSDT', 'leverage': 10, 'maxNotionalValue': '40000000'}
2025-02-25 15:37:41,198 - INFO - Market Params para ETHUSDT | Tick: 0.01 | Lot: 0.001 | Min Notional: 10.0
2025-02-25 15:37:41,510 - INFO - ✅ Conexión Binance OK
2025-02-25 15:37:41,826 - INFO - Apalancamiento configurado para ETHUSDT: {'symbol': 'ETHUSDT', 'leverage': 10, 'maxNotionalValue': '150000000'}
2025-02-25 15:37:42,596 - INFO - Market Params para SOLUSDT | Tick: 0.01 | Lot: 1.0 | Min Notional: 10.0
2025-02-25 15:37:42,908 - INFO - ✅ Conexión Binance OK
2025-02-25 15:37:43,225 - INFO - Apalancamiento configurado para SOLUSDT: {'symbol': 'SOLUSDT', 'leverage': 10, 'maxNotionalValue': '40000000'}
2025-02-25 15:37:43,959 - INFO - Market Params para XRPUSDT | Tick: 0.0001 | Lot: 0.1 | Min Notional: 10.0
2025-02-25 15:37:44,270 - INFO - ✅ Conexión Binance OK
2025-02-25 15:37:44,590 - INFO - Apalancamiento configurado para XRPUSDT: {'symbol': 'XRPUSDT', 'leverage': 10, 'maxNotionalValue': '10000000'}
2025-02-25 15:37:46,423 - INFO - WebSocket iniciado para SOLUSDT
2025-02-25 15:37:46,423 - INFO - WebSocket iniciado para ETHUSDT
2025-02-25 15:37:46,424 - INFO - 🚀 Iniciando Trading Bot para SOLUSDT
2025-02-25 15:37:46,424 - INFO - WebSocket iniciado para XRPUSDT
2025-02-25 15:37:46,426 - INFO - 🚀 Iniciando Trading Bot para ETHUSDT
2025-02-25 15:37:46,429 - INFO - 🚀 Iniciando Trading Bot para XRPUSDT
2025-02-25 15:37:47,634 - INFO - 🔎 Procesando señal HOLD en XRPUSDT a 2.21
2025-02-25 15:37:47,709 - INFO - 🔎 Procesando señal HOLD en SOLUSDT a 141.22
2025-02-25 15:37:47,737 - INFO - 🔎 Procesando señal HOLD en ETHUSDT a 2414.07
2025-02-25 15:37:48,034 - INFO - Métricas actualizadas para XRPUSDT: {'trades': 0, 'wins': 0, 'losses': 0, 'total_pnl': 0.0, 'win_rate': 0, 'max_drawdown': 0.0}
2025-02-25 15:37:48,107 - INFO - Métricas actualizadas para ETHUSDT: {'trades': 0, 'wins': 0, 'losses': 0, 'total_pnl': 0.0, 'win_rate': 0, 'max_drawdown': 0.0}
2025-02-25 15:37:48,116 - INFO - Métricas actualizadas para SOLUSDT: {'trades': 0, 'wins': 0, 'losses': 0, 'total_pnl': 0.0, 'win_rate': 0, 'max_drawdown': 0.0}
2025-02-25 15:38:33,739 - INFO - Market Params para ETHUSDT | Tick: 0.01 | Lot: 0.001 | Min Notional: 10.0
2025-02-25 15:38:34,058 - INFO - ✅ Conexión Binance OK
2025-02-25 15:38:34,380 - INFO - Apalancamiento configurado para ETHUSDT: {'symbol': 'ETHUSDT', 'leverage': 10, 'maxNotionalValue': '150000000'}
2025-02-25 15:38:35,110 - INFO - Market Params para SOLUSDT | Tick: 0.01 | Lot: 1.0 | Min Notional: 10.0
2025-02-25 15:38:35,431 - INFO - ✅ Conexión Binance OK
2025-02-25 15:38:35,741 - INFO - Apalancamiento configurado para SOLUSDT: {'symbol': 'SOLUSDT', 'leverage': 10, 'maxNotionalValue': '40000000'}
2025-02-25 15:38:36,491 - INFO - Market Params para XRPUSDT | Tick: 0.0001 | Lot: 0.1 | Min Notional: 10.0
2025-02-25 15:38:36,823 - INFO - ✅ Conexión Binance OK
2025-02-25 15:38:37,141 - INFO - Apalancamiento configurado para XRPUSDT: {'symbol': 'XRPUSDT', 'leverage': 10, 'maxNotionalValue': '10000000'}
2025-02-25 15:38:38,963 - INFO - WebSocket iniciado para ETHUSDT
2025-02-25 15:38:38,963 - INFO - 🚀 Iniciando Trading Bot para ETHUSDT
2025-02-25 15:38:38,965 - INFO - WebSocket iniciado para XRPUSDT
2025-02-25 15:38:38,966 - INFO - WebSocket iniciado para SOLUSDT
2025-02-25 15:38:38,968 - INFO - 🚀 Iniciando Trading Bot para XRPUSDT
2025-02-25 15:38:38,970 - INFO - 🚀 Iniciando Trading Bot para SOLUSDT
2025-02-25 15:38:40,181 - INFO - 🔎 Procesando señal HOLD en SOLUSDT a 141.45
2025-02-25 15:38:40,232 - INFO - 🔎 Procesando señal HOLD en ETHUSDT a 2418.00
2025-02-25 15:38:40,250 - INFO - 🔎 Procesando señal HOLD en XRPUSDT a 2.21
2025-02-25 15:38:40,595 - INFO - Métricas actualizadas para XRPUSDT: {'trades': 0, 'wins': 0, 'losses': 0, 'total_pnl': 0.0, 'win_rate': 0, 'max_drawdown': 0.0}
2025-02-25 15:38:40,636 - INFO - Métricas actualizadas para SOLUSDT: {'trades': 0, 'wins': 0, 'losses': 0, 'total_pnl': 0.0, 'win_rate': 0, 'max_drawdown': 0.0}
2025-02-25 15:38:40,653 - INFO - Métricas actualizadas para ETHUSDT: {'trades': 0, 'wins': 0, 'losses': 0, 'total_pnl': 0.0, 'win_rate': 0, 'max_drawdown': 0.0}
2025-02-25 15:39:40,941 - INFO - 🔎 Procesando señal HOLD en XRPUSDT a 2.21
2025-02-25 15:39:41,009 - INFO - 🔎 Procesando señal HOLD en SOLUSDT a 141.45
2025-02-25 15:39:41,025 - INFO - 🔎 Procesando señal HOLD en ETHUSDT a 2417.94
2025-02-25 15:39:41,278 - INFO - Métricas actualizadas para XRPUSDT: {'trades': 0, 'wins': 0, 'losses': 0, 'total_pnl': 0.0, 'win_rate': 0, 'max_drawdown': 0.0}
2025-02-25 15:39:41,376 - INFO - Métricas actualizadas para SOLUSDT: {'trades': 0, 'wins': 0, 'losses': 0, 'total_pnl': 0.0, 'win_rate': 0, 'max_drawdown': 0.0}
2025-02-25 15:39:41,399 - INFO - Métricas actualizadas para ETHUSDT: {'trades': 0, 'wins': 0, 'losses': 0, 'total_pnl': 0.0, 'win_rate': 0, 'max_drawdown': 0.0}
2025-02-25 15:40:41,621 - INFO - 🔎 Procesando señal HOLD en XRPUSDT a 2.21
2025-02-25 15:40:41,762 - INFO - 🔎 Procesando señal HOLD en SOLUSDT a 141.66
2025-02-25 15:40:41,780 - INFO - 🔎 Procesando señal HOLD en ETHUSDT a 2419.64
2025-02-25 15:40:41,957 - INFO - Métricas actualizadas para XRPUSDT: {'trades': 0, 'wins': 0, 'losses': 0, 'total_pnl': 0.0, 'win_rate': 0, 'max_drawdown': 0.0}
2025-02-25 15:40:42,123 - INFO - Métricas actualizadas para ETHUSDT: {'trades': 0, 'wins': 0, 'losses': 0, 'total_pnl': 0.0, 'win_rate': 0, 'max_drawdown': 0.0}
2025-02-25 15:40:42,144 - INFO - Métricas actualizadas para SOLUSDT: {'trades': 0, 'wins': 0, 'losses': 0, 'total_pnl': 0.0, 'win_rate': 0, 'max_drawdown': 0.0}
2025-02-25 15:41:42,308 - INFO - 🔎 Procesando señal HOLD en XRPUSDT a 2.21
2025-02-25 15:41:42,469 - INFO - 🔎 Procesando señal HOLD en ETHUSDT a 2419.01
2025-02-25 15:41:42,498 - INFO - 🔎 Procesando señal HOLD en SOLUSDT a 141.51
2025-02-25 15:41:42,644 - INFO - Métricas actualizadas para XRPUSDT: {'trades': 0, 'wins': 0, 'losses': 0, 'total_pnl': 0.0, 'win_rate': 0, 'max_drawdown': 0.0}
2025-02-25 15:41:42,851 - INFO - Métricas actualizadas para ETHUSDT: {'trades': 0, 'wins': 0, 'losses': 0, 'total_pnl': 0.0, 'win_rate': 0, 'max_drawdown': 0.0}
2025-02-25 15:41:42,878 - INFO - Métricas actualizadas para SOLUSDT: {'trades': 0, 'wins': 0, 'losses': 0, 'total_pnl': 0.0, 'win_rate': 0, 'max_drawdown': 0.0}
2025-02-25 15:42:42,993 - INFO - 🔎 Procesando señal HOLD en XRPUSDT a 2.20
2025-02-25 15:42:43,192 - INFO - 🔎 Procesando señal HOLD en ETHUSDT a 2413.73
2025-02-25 15:42:43,234 - INFO - 🔎 Procesando señal HOLD en SOLUSDT a 140.83
2025-02-25 15:42:43,333 - INFO - Métricas actualizadas para XRPUSDT: {'trades': 0, 'wins': 0, 'losses': 0, 'total_pnl': 0.0, 'win_rate': 0, 'max_drawdown': 0.0}
2025-02-25 15:42:43,540 - INFO - Métricas actualizadas para ETHUSDT: {'trades': 0, 'wins': 0, 'losses': 0, 'total_pnl': 0.0, 'win_rate': 0, 'max_drawdown': 0.0}
2025-02-25 15:42:43,586 - INFO - Métricas actualizadas para SOLUSDT: {'trades': 0, 'wins': 0, 'losses': 0, 'total_pnl': 0.0, 'win_rate': 0, 'max_drawdown': 0.0}
2025-02-25 15:43:43,679 - INFO - 🔎 Procesando señal HOLD en XRPUSDT a 2.21
2025-02-25 15:43:43,914 - INFO - 🔎 Procesando señal HOLD en ETHUSDT a 2418.39
2025-02-25 15:43:43,948 - INFO - 🔎 Procesando señal HOLD en SOLUSDT a 141.06
2025-02-25 15:43:44,019 - INFO - Métricas actualizadas para XRPUSDT: {'trades': 0, 'wins': 0, 'losses': 0, 'total_pnl': 0.0, 'win_rate': 0, 'max_drawdown': 0.0}
2025-02-25 15:43:44,287 - INFO - Métricas actualizadas para SOLUSDT: {'trades': 0, 'wins': 0, 'losses': 0, 'total_pnl': 0.0, 'win_rate': 0, 'max_drawdown': 0.0}
2025-02-25 15:43:44,310 - INFO - Métricas actualizadas para ETHUSDT: {'trades': 0, 'wins': 0, 'losses': 0, 'total_pnl': 0.0, 'win_rate': 0, 'max_drawdown': 0.0}
2025-02-25 15:44:44,366 - INFO - 🔎 Procesando señal HOLD en XRPUSDT a 2.21
2025-02-25 15:44:44,635 - INFO - 🔎 Procesando señal HOLD en SOLUSDT a 141.06
2025-02-25 15:44:44,678 - INFO - 🔎 Procesando señal HOLD en ETHUSDT a 2419.98
2025-02-25 15:44:44,707 - INFO - Métricas actualizadas para XRPUSDT: {'trades': 0, 'wins': 0, 'losses': 0, 'total_pnl': 0.0, 'win_rate': 0, 'max_drawdown': 0.0}
2025-02-25 15:44:44,997 - INFO - Métricas actualizadas para SOLUSDT: {'trades': 0, 'wins': 0, 'losses': 0, 'total_pnl': 0.0, 'win_rate': 0, 'max_drawdown': 0.0}
2025-02-25 15:44:45,313 - INFO - Métricas actualizadas para ETHUSDT: {'trades': 0, 'wins': 0, 'losses': 0, 'total_pnl': 0.0, 'win_rate': 0, 'max_drawdown': 0.0}
2025-02-25 15:45:45,044 - INFO - 🔎 Procesando señal HOLD en XRPUSDT a 2.21
2025-02-25 15:45:45,339 - INFO - 🔎 Procesando señal HOLD en SOLUSDT a 141.17
2025-02-25 15:45:45,384 - INFO - Métricas actualizadas para XRPUSDT: {'trades': 0, 'wins': 0, 'losses': 0, 'total_pnl': 0.0, 'win_rate': 0, 'max_drawdown': 0.0}
2025-02-25 15:45:45,696 - INFO - 🔎 Procesando señal HOLD en ETHUSDT a 2425.33
2025-02-25 15:45:45,719 - INFO - Métricas actualizadas para SOLUSDT: {'trades': 0, 'wins': 0, 'losses': 0, 'total_pnl': 0.0, 'win_rate': 0, 'max_drawdown': 0.0}
2025-02-25 15:45:46,053 - INFO - Métricas actualizadas para ETHUSDT: {'trades': 0, 'wins': 0, 'losses': 0, 'total_pnl': 0.0, 'win_rate': 0, 'max_drawdown': 0.0}
2025-02-25 15:46:45,730 - INFO - 🔎 Procesando señal HOLD en XRPUSDT a 2.20
2025-02-25 15:46:46,109 - INFO - 🔎 Procesando señal HOLD en SOLUSDT a 140.70
2025-02-25 15:46:46,130 - INFO - Métricas actualizadas para XRPUSDT: {'trades': 0, 'wins': 0, 'losses': 0, 'total_pnl': 0.0, 'win_rate': 0, 'max_drawdown': 0.0}
2025-02-25 15:46:46,470 - INFO - 🔎 Procesando señal HOLD en ETHUSDT a 2418.89
2025-02-25 15:46:46,500 - INFO - Métricas actualizadas para SOLUSDT: {'trades': 0, 'wins': 0, 'losses': 0, 'total_pnl': 0.0, 'win_rate': 0, 'max_drawdown': 0.0}
2025-02-25 15:46:46,848 - INFO - Métricas actualizadas para ETHUSDT: {'trades': 0, 'wins': 0, 'losses': 0, 'total_pnl': 0.0, 'win_rate': 0, 'max_drawdown': 0.0}
2025-02-25 15:47:46,488 - INFO - 🔎 Procesando señal HOLD en XRPUSDT a 2.20
2025-02-25 15:47:46,838 - INFO - Métricas actualizadas para XRPUSDT: {'trades': 0, 'wins': 0, 'losses': 0, 'total_pnl': 0.0, 'win_rate': 0, 'max_drawdown': 0.0}
2025-02-25 15:47:46,864 - INFO - 🔎 Procesando señal HOLD en SOLUSDT a 140.80
2025-02-25 15:47:47,224 - INFO - Métricas actualizadas para SOLUSDT: {'trades': 0, 'wins': 0, 'losses': 0, 'total_pnl': 0.0, 'win_rate': 0, 'max_drawdown': 0.0}
2025-02-25 15:47:47,252 - INFO - 🔎 Procesando señal HOLD en ETHUSDT a 2419.64
2025-02-25 15:47:47,597 - INFO - Métricas actualizadas para ETHUSDT: {'trades': 0, 'wins': 0, 'losses': 0, 'total_pnl': 0.0, 'win_rate': 0, 'max_drawdown': 0.0}
2025-02-25 15:48:47,190 - INFO - 🔎 Procesando señal HOLD en XRPUSDT a 2.21
2025-02-25 15:48:47,530 - INFO - Métricas actualizadas para XRPUSDT: {'trades': 0, 'wins': 0, 'losses': 0, 'total_pnl': 0.0, 'win_rate': 0, 'max_drawdown': 0.0}
2025-02-25 15:48:47,572 - INFO - 🔎 Procesando señal HOLD en SOLUSDT a 141.03
2025-02-25 15:48:47,910 - INFO - Métricas actualizadas para SOLUSDT: {'trades': 0, 'wins': 0, 'losses': 0, 'total_pnl': 0.0, 'win_rate': 0, 'max_drawdown': 0.0}
2025-02-25 15:48:47,935 - INFO - 🔎 Procesando señal HOLD en ETHUSDT a 2421.67
2025-02-25 15:48:48,285 - INFO - Métricas actualizadas para ETHUSDT: {'trades': 0, 'wins': 0, 'losses': 0, 'total_pnl': 0.0, 'win_rate': 0, 'max_drawdown': 0.0}
2025-02-25 15:49:47,877 - INFO - 🔎 Procesando señal HOLD en XRPUSDT a 2.20
2025-02-25 15:49:48,218 - INFO - Métricas actualizadas para XRPUSDT: {'trades': 0, 'wins': 0, 'losses': 0, 'total_pnl': 0.0, 'win_rate': 0, 'max_drawdown': 0.0}
2025-02-25 15:49:48,262 - INFO - 🔎 Procesando señal HOLD en SOLUSDT a 140.72
2025-02-25 15:49:48,649 - INFO - Métricas actualizadas para SOLUSDT: {'trades': 0, 'wins': 0, 'losses': 0, 'total_pnl': 0.0, 'win_rate': 0, 'max_drawdown': 0.0}
2025-02-25 15:49:48,679 - INFO - 🔎 Procesando señal HOLD en ETHUSDT a 2417.75
2025-02-25 15:49:49,026 - INFO - Métricas actualizadas para ETHUSDT: {'trades': 0, 'wins': 0, 'losses': 0, 'total_pnl': 0.0, 'win_rate': 0, 'max_drawdown': 0.0}
2025-02-25 15:50:48,565 - INFO - 🔎 Procesando señal HOLD en XRPUSDT a 2.20
2025-02-25 15:50:48,909 - INFO - Métricas actualizadas para XRPUSDT: {'trades': 0, 'wins': 0, 'losses': 0, 'total_pnl': 0.0, 'win_rate': 0, 'max_drawdown': 0.0}
2025-02-25 15:50:48,989 - INFO - 🔎 Procesando señal HOLD en SOLUSDT a 140.69
2025-02-25 15:50:49,334 - INFO - Métricas actualizadas para SOLUSDT: {'trades': 0, 'wins': 0, 'losses': 0, 'total_pnl': 0.0, 'win_rate': 0, 'max_drawdown': 0.0}
2025-02-25 15:50:49,375 - INFO - 🔎 Procesando señal HOLD en ETHUSDT a 2419.44
2025-02-25 15:50:49,724 - INFO - Métricas actualizadas para ETHUSDT: {'trades': 0, 'wins': 0, 'losses': 0, 'total_pnl': 0.0, 'win_rate': 0, 'max_drawdown': 0.0}
2025-02-25 15:51:49,257 - INFO - 🔎 Procesando señal HOLD en XRPUSDT a 2.20
2025-02-25 15:51:49,604 - INFO - Métricas actualizadas para XRPUSDT: {'trades': 0, 'wins': 0, 'losses': 0, 'total_pnl': 0.0, 'win_rate': 0, 'max_drawdown': 0.0}
2025-02-25 15:51:49,670 - INFO - 🔎 Procesando señal HOLD en SOLUSDT a 140.53
2025-02-25 15:51:50,008 - INFO - Métricas actualizadas para SOLUSDT: {'trades': 0, 'wins': 0, 'losses': 0, 'total_pnl': 0.0, 'win_rate': 0, 'max_drawdown': 0.0}
2025-02-25 15:51:50,074 - INFO - 🔎 Procesando señal HOLD en ETHUSDT a 2417.99
2025-02-25 15:51:50,432 - INFO - Métricas actualizadas para ETHUSDT: {'trades': 0, 'wins': 0, 'losses': 0, 'total_pnl': 0.0, 'win_rate': 0, 'max_drawdown': 0.0}
2025-02-25 15:52:49,957 - INFO - 🔎 Procesando señal HOLD en XRPUSDT a 2.21
2025-02-25 15:52:50,306 - INFO - Métricas actualizadas para XRPUSDT: {'trades': 0, 'wins': 0, 'losses': 0, 'total_pnl': 0.0, 'win_rate': 0, 'max_drawdown': 0.0}
2025-02-25 15:52:50,360 - INFO - 🔎 Procesando señal HOLD en SOLUSDT a 141.19
2025-02-25 15:52:50,702 - INFO - Métricas actualizadas para SOLUSDT: {'trades': 0, 'wins': 0, 'losses': 0, 'total_pnl': 0.0, 'win_rate': 0, 'max_drawdown': 0.0}
2025-02-25 15:52:50,779 - INFO - 🔎 Procesando señal HOLD en ETHUSDT a 2424.00
2025-02-25 15:52:51,131 - INFO - Métricas actualizadas para ETHUSDT: {'trades': 0, 'wins': 0, 'losses': 0, 'total_pnl': 0.0, 'win_rate': 0, 'max_drawdown': 0.0}
2025-02-25 15:53:50,658 - INFO - 🔎 Procesando señal HOLD en XRPUSDT a 2.21
2025-02-25 15:53:51,007 - INFO - Métricas actualizadas para XRPUSDT: {'trades': 0, 'wins': 0, 'losses': 0, 'total_pnl': 0.0, 'win_rate': 0, 'max_drawdown': 0.0}
2025-02-25 15:53:51,051 - INFO - 🔎 Procesando señal HOLD en SOLUSDT a 141.31
2025-02-25 15:53:51,401 - INFO - Métricas actualizadas para SOLUSDT: {'trades': 0, 'wins': 0, 'losses': 0, 'total_pnl': 0.0, 'win_rate': 0, 'max_drawdown': 0.0}
2025-02-25 15:53:51,475 - INFO - 🔎 Procesando señal HOLD en ETHUSDT a 2425.56
2025-02-25 15:53:51,833 - INFO - Métricas actualizadas para ETHUSDT: {'trades': 0, 'wins': 0, 'losses': 0, 'total_pnl': 0.0, 'win_rate': 0, 'max_drawdown': 0.0}
2025-02-25 16:08:02,146 - INFO - Market Params | Tick: 0.01 | Lot: 0.001 | Min Notional: 10.0
2025-02-25 16:08:02,456 - INFO - ✅ Conexión Binance OK
2025-02-25 16:08:02,784 - INFO - Apalancamiento configurado: {'symbol': 'ETHUSDT', 'leverage': 5, 'maxNotionalValue': '320000000'}
2025-02-25 16:08:03,691 - INFO - WebSocket iniciado
2025-02-25 16:08:04,021 - INFO - 🚀 Iniciando ETH Trading Bot
2025-02-25 16:08:05,305 - INFO - 🔎 Procesando señal HOLD a 2430.13
2025-02-25 16:08:05,638 - INFO - Métricas actualizadas: {'trades': 0, 'wins': 0, 'losses': 0, 'total_pnl': 0.0, 'win_rate': 0, 'max_drawdown': 0.0}
2025-02-25 16:09:05,980 - INFO - 🔎 Procesando señal HOLD a 2432.32
2025-02-25 16:09:06,318 - INFO - Métricas actualizadas: {'trades': 0, 'wins': 0, 'losses': 0, 'total_pnl': 0.0, 'win_rate': 0, 'max_drawdown': 0.0}
2025-02-25 16:10:06,659 - INFO - 🔎 Procesando señal HOLD a 2431.62
2025-02-25 16:10:06,995 - INFO - Métricas actualizadas: {'trades': 0, 'wins': 0, 'losses': 0, 'total_pnl': 0.0, 'win_rate': 0, 'max_drawdown': 0.0}
2025-02-25 16:11:07,344 - INFO - 🔎 Procesando señal HOLD a 2426.92
2025-02-25 16:11:07,681 - INFO - Métricas actualizadas: {'trades': 0, 'wins': 0, 'losses': 0, 'total_pnl': 0.0, 'win_rate': 0, 'max_drawdown': 0.0}
2025-02-25 16:11:42,311 - INFO - Detención manual
2025-02-25 16:18:19,766 - INFO - Market Params | Tick: 0.01 | Lot: 0.001 | Min Notional: 10.0
2025-02-25 16:18:20,079 - INFO - ✅ Conexión Binance OK
2025-02-25 16:18:20,405 - INFO - Apalancamiento configurado a x10: {'symbol': 'ETHUSDT', 'leverage': 10, 'maxNotionalValue': '150000000'}
2025-02-25 16:18:21,213 - INFO - WebSocket iniciado
2025-02-25 16:18:21,568 - INFO - 🚀 Iniciando ETH Trading Bot
2025-02-25 16:18:22,779 - INFO - 🔎 Procesando señal HOLD a 2418.06
2025-02-25 16:18:23,125 - INFO - Métricas actualizadas: {'trades': 0, 'wins': 0, 'losses': 0, 'total_pnl': 0.0, 'win_rate': 0, 'max_drawdown': 0.0}
2025-02-25 20:35:45,474 - INFO - Market Params | Tick: 0.01 | Lot: 0.001 | Min Notional: 10.0
2025-02-25 20:35:45,789 - INFO - ✅ Conexión Binance OK
2025-02-25 20:35:46,126 - INFO - Apalancamiento configurado a x10: {'symbol': 'ETHUSDT', 'leverage': 10, 'maxNotionalValue': '150000000'}
2025-02-25 20:35:46,934 - INFO - WebSocket iniciado
2025-02-25 20:35:47,311 - INFO - 🚀 Iniciando ETH Trading Bot
2025-02-25 20:35:48,564 - INFO - 🔎 Procesando señal HOLD a 2500.75
2025-02-25 20:35:48,897 - INFO - Métricas actualizadas: {'trades': 0, 'wins': 0, 'losses': 0, 'total_pnl': 0.0, 'win_rate': 0, 'max_drawdown': 0.0}
2025-02-25 20:36:20,489 - INFO - Detención manual
2025-02-25 20:36:42,205 - INFO - Market Params | Tick: 0.01 | Lot: 0.001 | Min Notional: 10.0
2025-02-25 20:36:42,536 - INFO - ✅ Conexión Binance OK
2025-02-25 20:36:43,429 - INFO - Apalancamiento configurado a x5: {'symbol': 'ETHUSDT', 'leverage': 5, 'maxNotionalValue': '320000000'}
2025-02-25 20:36:44,235 - INFO - WebSocket iniciado
2025-02-25 20:36:44,569 - INFO - 🚀 Iniciando ETH Trading Bot
2025-02-25 20:36:45,833 - INFO - 🔎 Procesando señal HOLD a 2501.20
2025-02-25 20:36:46,163 - INFO - Métricas actualizadas: {'trades': 0, 'wins': 0, 'losses': 0, 'total_pnl': 0.0, 'win_rate': 0, 'max_drawdown': 0.0}
2025-02-25 20:37:46,504 - INFO - 🔎 Procesando señal HOLD a 2499.43
2025-02-25 20:37:46,836 - INFO - Métricas actualizadas: {'trades': 0, 'wins': 0, 'losses': 0, 'total_pnl': 0.0, 'win_rate': 0, 'max_drawdown': 0.0}
2025-02-25 20:38:47,751 - INFO - 🔎 Procesando señal HOLD a 2497.39
2025-02-25 20:38:48,085 - INFO - Métricas actualizadas: {'trades': 0, 'wins': 0, 'losses': 0, 'total_pnl': 0.0, 'win_rate': 0, 'max_drawdown': 0.0}
2025-02-25 20:39:48,418 - INFO - 🔎 Procesando señal HOLD a 2496.86
2025-02-25 20:39:48,752 - INFO - Métricas actualizadas: {'trades': 0, 'wins': 0, 'losses': 0, 'total_pnl': 0.0, 'win_rate': 0, 'max_drawdown': 0.0}
2025-02-25 20:40:49,376 - INFO - 🔎 Procesando señal HOLD a 2496.71
2025-02-25 20:40:49,712 - INFO - Métricas actualizadas: {'trades': 0, 'wins': 0, 'losses': 0, 'total_pnl': 0.0, 'win_rate': 0, 'max_drawdown': 0.0}
2025-02-25 20:41:50,044 - INFO - 🔎 Procesando señal HOLD a 2496.05
2025-02-25 20:41:50,378 - INFO - Métricas actualizadas: {'trades': 0, 'wins': 0, 'losses': 0, 'total_pnl': 0.0, 'win_rate': 0, 'max_drawdown': 0.0}
2025-02-25 20:42:50,714 - INFO - 🔎 Procesando señal HOLD a 2497.29
2025-02-25 20:42:51,048 - INFO - Métricas actualizadas: {'trades': 0, 'wins': 0, 'losses': 0, 'total_pnl': 0.0, 'win_rate': 0, 'max_drawdown': 0.0}
2025-02-25 20:43:51,404 - INFO - 🔎 Procesando señal HOLD a 2498.49
2025-02-25 20:43:51,738 - INFO - Métricas actualizadas: {'trades': 0, 'wins': 0, 'losses': 0, 'total_pnl': 0.0, 'win_rate': 0, 'max_drawdown': 0.0}
2025-02-25 20:44:52,075 - INFO - 🔎 Procesando señal HOLD a 2497.47
2025-02-25 20:44:52,412 - INFO - Métricas actualizadas: {'trades': 0, 'wins': 0, 'losses': 0, 'total_pnl': 0.0, 'win_rate': 0, 'max_drawdown': 0.0}
2025-02-25 20:45:52,751 - INFO - 🔎 Procesando señal HOLD a 2495.60
2025-02-25 20:45:53,092 - INFO - Métricas actualizadas: {'trades': 0, 'wins': 0, 'losses': 0, 'total_pnl': 0.0, 'win_rate': 0, 'max_drawdown': 0.0}
2025-02-25 20:46:53,430 - INFO - 🔎 Procesando señal HOLD a 2496.50
2025-02-25 20:46:53,748 - INFO - Métricas actualizadas: {'trades': 0, 'wins': 0, 'losses': 0, 'total_pnl': 0.0, 'win_rate': 0, 'max_drawdown': 0.0}
2025-02-25 20:47:54,105 - INFO - 🔎 Procesando señal HOLD a 2496.59
2025-02-25 20:47:54,733 - INFO - Métricas actualizadas: {'trades': 0, 'wins': 0, 'losses': 0, 'total_pnl': 0.0, 'win_rate': 0, 'max_drawdown': 0.0}
2025-02-25 20:48:55,071 - INFO - 🔎 Procesando señal HOLD a 2499.47
2025-02-25 20:48:55,410 - INFO - Métricas actualizadas: {'trades': 0, 'wins': 0, 'losses': 0, 'total_pnl': 0.0, 'win_rate': 0, 'max_drawdown': 0.0}
2025-02-25 20:49:55,742 - INFO - 🔎 Procesando señal HOLD a 2497.83
2025-02-25 20:49:56,075 - INFO - Métricas actualizadas: {'trades': 0, 'wins': 0, 'losses': 0, 'total_pnl': 0.0, 'win_rate': 0, 'max_drawdown': 0.0}
2025-02-25 20:50:56,410 - INFO - 🔎 Procesando señal HOLD a 2496.55
2025-02-25 20:50:56,748 - INFO - Métricas actualizadas: {'trades': 0, 'wins': 0, 'losses': 0, 'total_pnl': 0.0, 'win_rate': 0, 'max_drawdown': 0.0}
2025-02-25 20:51:57,089 - INFO - 🔎 Procesando señal HOLD a 2497.10
2025-02-25 20:51:57,418 - INFO - Métricas actualizadas: {'trades': 0, 'wins': 0, 'losses': 0, 'total_pnl': 0.0, 'win_rate': 0, 'max_drawdown': 0.0}
2025-02-25 20:52:57,757 - INFO - 🔎 Procesando señal HOLD a 2498.01
2025-02-25 20:52:58,092 - INFO - Métricas actualizadas: {'trades': 0, 'wins': 0, 'losses': 0, 'total_pnl': 0.0, 'win_rate': 0, 'max_drawdown': 0.0}
2025-02-25 20:53:58,432 - INFO - 🔎 Procesando señal HOLD a 2496.22
2025-02-25 20:53:58,768 - INFO - Métricas actualizadas: {'trades': 0, 'wins': 0, 'losses': 0, 'total_pnl': 0.0, 'win_rate': 0, 'max_drawdown': 0.0}
2025-02-25 20:54:59,104 - INFO - 🔎 Procesando señal HOLD a 2493.69
2025-02-25 20:54:59,446 - INFO - Métricas actualizadas: {'trades': 0, 'wins': 0, 'losses': 0, 'total_pnl': 0.0, 'win_rate': 0, 'max_drawdown': 0.0}
2025-02-25 20:55:59,786 - INFO - 🔎 Procesando señal HOLD a 2495.28
2025-02-25 20:56:00,116 - INFO - Métricas actualizadas: {'trades': 0, 'wins': 0, 'losses': 0, 'total_pnl': 0.0, 'win_rate': 0, 'max_drawdown': 0.0}
2025-02-25 20:57:00,449 - INFO - 🔎 Procesando señal HOLD a 2493.95
2025-02-25 20:57:00,781 - INFO - Métricas actualizadas: {'trades': 0, 'wins': 0, 'losses': 0, 'total_pnl': 0.0, 'win_rate': 0, 'max_drawdown': 0.0}
2025-02-25 20:58:01,103 - INFO - 🔎 Procesando señal HOLD a 2495.31
2025-02-25 20:58:01,442 - INFO - Métricas actualizadas: {'trades': 0, 'wins': 0, 'losses': 0, 'total_pnl': 0.0, 'win_rate': 0, 'max_drawdown': 0.0}
2025-02-25 20:59:01,781 - INFO - 🔎 Procesando señal HOLD a 2495.06
2025-02-25 20:59:02,118 - INFO - Métricas actualizadas: {'trades': 0, 'wins': 0, 'losses': 0, 'total_pnl': 0.0, 'win_rate': 0, 'max_drawdown': 0.0}
2025-02-25 21:00:02,454 - INFO - 🔎 Procesando señal HOLD a 2494.46
2025-02-25 21:00:02,789 - INFO - Métricas actualizadas: {'trades': 0, 'wins': 0, 'losses': 0, 'total_pnl': 0.0, 'win_rate': 0, 'max_drawdown': 0.0}
2025-02-25 21:01:03,132 - INFO - 🔎 Procesando señal HOLD a 2494.60
2025-02-25 21:01:03,469 - INFO - Métricas actualizadas: {'trades': 0, 'wins': 0, 'losses': 0, 'total_pnl': 0.0, 'win_rate': 0, 'max_drawdown': 0.0}
2025-02-25 21:02:03,803 - INFO - 🔎 Procesando señal HOLD a 2495.07
2025-02-25 21:02:04,137 - INFO - Métricas actualizadas: {'trades': 0, 'wins': 0, 'losses': 0, 'total_pnl': 0.0, 'win_rate': 0, 'max_drawdown': 0.0}
2025-02-25 21:03:04,475 - INFO - 🔎 Procesando señal HOLD a 2498.21
2025-02-25 21:03:04,810 - INFO - Métricas actualizadas: {'trades': 0, 'wins': 0, 'losses': 0, 'total_pnl': 0.0, 'win_rate': 0, 'max_drawdown': 0.0}
2025-02-25 21:04:05,155 - INFO - 🔎 Procesando señal HOLD a 2496.58
2025-02-25 21:04:05,497 - INFO - Métricas actualizadas: {'trades': 0, 'wins': 0, 'losses': 0, 'total_pnl': 0.0, 'win_rate': 0, 'max_drawdown': 0.0}
2025-02-25 21:05:05,837 - INFO - 🔎 Procesando señal HOLD a 2494.72
2025-02-25 21:05:06,175 - INFO - Métricas actualizadas: {'trades': 0, 'wins': 0, 'losses': 0, 'total_pnl': 0.0, 'win_rate': 0, 'max_drawdown': 0.0}
2025-02-25 21:06:06,508 - INFO - 🔎 Procesando señal HOLD a 2492.25
2025-02-25 21:06:06,841 - INFO - Métricas actualizadas: {'trades': 0, 'wins': 0, 'losses': 0, 'total_pnl': 0.0, 'win_rate': 0, 'max_drawdown': 0.0}
2025-02-25 21:06:45,470 - INFO - Informe de status enviado al Telegram
2025-02-25 21:07:07,180 - INFO - 🔎 Procesando señal HOLD a 2495.78
2025-02-25 21:07:07,517 - INFO - Métricas actualizadas: {'trades': 0, 'wins': 0, 'losses': 0, 'total_pnl': 0.0, 'win_rate': 0, 'max_drawdown': 0.0}
2025-02-25 21:08:07,852 - INFO - 🔎 Procesando señal HOLD a 2491.69
2025-02-25 21:08:08,193 - INFO - Métricas actualizadas: {'trades': 0, 'wins': 0, 'losses': 0, 'total_pnl': 0.0, 'win_rate': 0, 'max_drawdown': 0.0}
2025-02-25 21:09:08,534 - INFO - 🔎 Procesando señal HOLD a 2490.72
2025-02-25 21:09:08,864 - INFO - Métricas actualizadas: {'trades': 0, 'wins': 0, 'losses': 0, 'total_pnl': 0.0, 'win_rate': 0, 'max_drawdown': 0.0}
2025-02-25 21:10:09,223 - INFO - 🔎 Procesando señal HOLD a 2489.84
2025-02-25 21:10:09,557 - INFO - Métricas actualizadas: {'trades': 0, 'wins': 0, 'losses': 0, 'total_pnl': 0.0, 'win_rate': 0, 'max_drawdown': 0.0}
2025-02-25 21:11:09,963 - INFO - 🔎 Procesando señal HOLD a 2488.07
2025-02-25 21:11:10,366 - INFO - Métricas actualizadas: {'trades': 0, 'wins': 0, 'losses': 0, 'total_pnl': 0.0, 'win_rate': 0, 'max_drawdown': 0.0}
2025-02-25 21:12:10,700 - INFO - 🔎 Procesando señal HOLD a 2485.22
2025-02-25 21:12:11,033 - INFO - Métricas actualizadas: {'trades': 0, 'wins': 0, 'losses': 0, 'total_pnl': 0.0, 'win_rate': 0, 'max_drawdown': 0.0}
2025-02-25 21:13:11,366 - INFO - 🔎 Procesando señal HOLD a 2487.47
2025-02-25 21:13:11,701 - INFO - Métricas actualizadas: {'trades': 0, 'wins': 0, 'losses': 0, 'total_pnl': 0.0, 'win_rate': 0, 'max_drawdown': 0.0}
2025-02-25 21:14:12,032 - INFO - 🔎 Procesando señal HOLD a 2486.16
2025-02-25 21:14:12,370 - INFO - Métricas actualizadas: {'trades': 0, 'wins': 0, 'losses': 0, 'total_pnl': 0.0, 'win_rate': 0, 'max_drawdown': 0.0}
2025-02-25 21:15:12,709 - INFO - 🔎 Procesando señal HOLD a 2487.38
2025-02-25 21:15:13,041 - INFO - Métricas actualizadas: {'trades': 0, 'wins': 0, 'losses': 0, 'total_pnl': 0.0, 'win_rate': 0, 'max_drawdown': 0.0}
2025-02-25 21:16:13,377 - INFO - 🔎 Procesando señal HOLD a 2488.93
2025-02-25 21:16:13,734 - INFO - Métricas actualizadas: {'trades': 0, 'wins': 0, 'losses': 0, 'total_pnl': 0.0, 'win_rate': 0, 'max_drawdown': 0.0}
2025-02-25 21:17:14,069 - INFO - 🔎 Procesando señal HOLD a 2482.70
2025-02-25 21:17:14,408 - INFO - Métricas actualizadas: {'trades': 0, 'wins': 0, 'losses': 0, 'total_pnl': 0.0, 'win_rate': 0, 'max_drawdown': 0.0}
2025-02-25 21:18:14,746 - INFO - 🔎 Procesando señal HOLD a 2483.86
2025-02-25 21:18:15,081 - INFO - Métricas actualizadas: {'trades': 0, 'wins': 0, 'losses': 0, 'total_pnl': 0.0, 'win_rate': 0, 'max_drawdown': 0.0}
2025-02-25 21:19:15,421 - INFO - 🔎 Procesando señal HOLD a 2481.76
2025-02-25 21:19:15,761 - INFO - Métricas actualizadas: {'trades': 0, 'wins': 0, 'losses': 0, 'total_pnl': 0.0, 'win_rate': 0, 'max_drawdown': 0.0}
2025-02-25 21:20:16,103 - INFO - 🔎 Procesando señal HOLD a 2480.87
2025-02-25 21:20:16,445 - INFO - Métricas actualizadas: {'trades': 0, 'wins': 0, 'losses': 0, 'total_pnl': 0.0, 'win_rate': 0, 'max_drawdown': 0.0}
2025-02-25 21:21:16,784 - INFO - 🔎 Procesando señal HOLD a 2483.77
2025-02-25 21:21:17,123 - INFO - Métricas actualizadas: {'trades': 0, 'wins': 0, 'losses': 0, 'total_pnl': 0.0, 'win_rate': 0, 'max_drawdown': 0.0}
2025-02-25 21:22:17,461 - INFO - 🔎 Procesando señal HOLD a 2483.72
2025-02-25 21:22:17,804 - INFO - Métricas actualizadas: {'trades': 0, 'wins': 0, 'losses': 0, 'total_pnl': 0.0, 'win_rate': 0, 'max_drawdown': 0.0}
2025-02-25 21:23:18,143 - INFO - 🔎 Procesando señal HOLD a 2485.16
2025-02-25 21:23:18,479 - INFO - Métricas actualizadas: {'trades': 0, 'wins': 0, 'losses': 0, 'total_pnl': 0.0, 'win_rate': 0, 'max_drawdown': 0.0}
2025-02-25 21:24:18,823 - INFO - 🔎 Procesando señal HOLD a 2485.62
2025-02-25 21:24:19,167 - INFO - Métricas actualizadas: {'trades': 0, 'wins': 0, 'losses': 0, 'total_pnl': 0.0, 'win_rate': 0, 'max_drawdown': 0.0}
2025-02-25 21:25:19,512 - INFO - 🔎 Procesando señal HOLD a 2487.64
2025-02-25 21:25:19,848 - INFO - Métricas actualizadas: {'trades': 0, 'wins': 0, 'losses': 0, 'total_pnl': 0.0, 'win_rate': 0, 'max_drawdown': 0.0}
2025-02-25 21:26:20,188 - INFO - 🔎 Procesando señal HOLD a 2488.95
2025-02-25 21:26:20,527 - INFO - Métricas actualizadas: {'trades': 0, 'wins': 0, 'losses': 0, 'total_pnl': 0.0, 'win_rate': 0, 'max_drawdown': 0.0}
2025-02-25 21:27:20,862 - INFO - 🔎 Procesando señal HOLD a 2485.50
2025-02-25 21:27:21,203 - INFO - Métricas actualizadas: {'trades': 0, 'wins': 0, 'losses': 0, 'total_pnl': 0.0, 'win_rate': 0, 'max_drawdown': 0.0}
2025-02-25 21:28:21,544 - INFO - 🔎 Procesando señal HOLD a 2485.98
2025-02-25 21:28:21,881 - INFO - Métricas actualizadas: {'trades': 0, 'wins': 0, 'losses': 0, 'total_pnl': 0.0, 'win_rate': 0, 'max_drawdown': 0.0}
2025-02-25 21:29:22,220 - INFO - 🔎 Procesando señal HOLD a 2484.01
2025-02-25 21:29:22,552 - INFO - Métricas actualizadas: {'trades': 0, 'wins': 0, 'losses': 0, 'total_pnl': 0.0, 'win_rate': 0, 'max_drawdown': 0.0}
2025-02-25 21:30:22,908 - INFO - 🔎 Procesando señal HOLD a 2484.80
2025-02-25 21:30:23,250 - INFO - Métricas actualizadas: {'trades': 0, 'wins': 0, 'losses': 0, 'total_pnl': 0.0, 'win_rate': 0, 'max_drawdown': 0.0}
2025-02-25 21:31:23,649 - INFO - 🔎 Procesando señal HOLD a 2477.41
2025-02-25 21:31:24,057 - INFO - Métricas actualizadas: {'trades': 0, 'wins': 0, 'losses': 0, 'total_pnl': 0.0, 'win_rate': 0, 'max_drawdown': 0.0}
2025-02-25 21:32:24,410 - INFO - 🔎 Procesando señal HOLD a 2478.95
2025-02-25 21:32:24,755 - INFO - Métricas actualizadas: {'trades': 0, 'wins': 0, 'losses': 0, 'total_pnl': 0.0, 'win_rate': 0, 'max_drawdown': 0.0}
2025-02-25 21:33:25,094 - INFO - 🔎 Procesando señal HOLD a 2477.42
2025-02-25 21:33:25,434 - INFO - Métricas actualizadas: {'trades': 0, 'wins': 0, 'losses': 0, 'total_pnl': 0.0, 'win_rate': 0, 'max_drawdown': 0.0}
