2025-02-24 18:00:38,636 - __main__ - INFO - Parametros actualizados:
Tick: 0.01000000
Lot: 0.00010000
Min.Notional: 5.00
2025-02-24 18:00:38,949 - __main__ - INFO - Conexion con Binance establecida
2025-02-24 18:00:38,949 - __main__ - INFO - 
        ETH Trading Bot Iniciado
        ------------------------
        Par: ETHUSDT
        Riesgo/Operacion: 2.00%
        Stop Dinamico: 0.75%
        Timeframe: 15m
        
2025-02-24 18:00:38,950 - __main__ - INFO - Iniciando operaciones...
2025-02-24 18:00:39,295 - __main__ - INFO - Señales: STOCH=SELL, SMA=SELL, PSAR=SELL, RSI=SELL
2025-02-24 18:00:39,296 - __main__ - INFO - 
        Rendimiento Actual
        -----------------
        Operaciones: 0
        Exitosas: 0 (0.0%)
        PNL Total: 0.00 USDT
        Sharpe: 0.00
        
2025-02-24 18:01:05,898 - __main__ - INFO - Operaciones detenidas manualmente
